[0.079s] DEBUG:colcon:Command line arguments: ['/usr/bin/colcon', 'build', '--packages-select', 'camera_detection_interfaces']
[0.079s] DEBUG:colcon:Parsed command line arguments: Namespace(log_base=None, log_level=None, verb_name='build', build_base='build', install_base='install', merge_install=False, symlink_install=False, test_result_base=None, continue_on_error=False, executor='parallel', parallel_workers=16, event_handlers=None, ignore_user_meta=False, metas=['./colcon.meta'], base_paths=['.'], packages_ignore=None, packages_ignore_regex=None, paths=None, packages_up_to=None, packages_up_to_regex=None, packages_above=None, packages_above_and_dependencies=None, packages_above_depth=None, packages_select_by_dep=None, packages_skip_by_dep=None, packages_skip_up_to=None, packages_select_build_failed=False, packages_skip_build_finished=False, packages_select_test_failures=False, packages_skip_test_passed=False, packages_select=['camera_detection_interfaces'], packages_skip=None, packages_select_regex=None, packages_skip_regex=None, packages_start=None, packages_end=None, allow_overriding=[], cmake_args=None, cmake_target=None, cmake_target_skip_unavailable=False, cmake_clean_cache=False, cmake_clean_first=False, cmake_force_configure=False, ament_cmake_args=None, catkin_cmake_args=None, catkin_skip_building_tests=False, verb_parser=<colcon_defaults.argument_parser.defaults.DefaultArgumentsDecorator object at 0x725a558627d0>, verb_extension=<colcon_core.verb.build.BuildVerb object at 0x725a559cf400>, main=<bound method BuildVerb.main of <colcon_core.verb.build.BuildVerb object at 0x725a559cf400>>)
[0.216s] Level 1:colcon.colcon_core.package_discovery:discover_packages(colcon_meta) check parameters
[0.216s] Level 1:colcon.colcon_core.package_discovery:discover_packages(recursive) check parameters
[0.216s] Level 1:colcon.colcon_core.package_discovery:discover_packages(ignore) check parameters
[0.216s] Level 1:colcon.colcon_core.package_discovery:discover_packages(path) check parameters
[0.216s] Level 1:colcon.colcon_core.package_discovery:discover_packages(colcon_meta) discover
[0.216s] Level 1:colcon.colcon_core.package_discovery:discover_packages(recursive) discover
[0.216s] INFO:colcon.colcon_core.package_discovery:Crawling recursively for packages in '/home/caleb/Documents/robot_ws'
[0.216s] Level 1:colcon.colcon_core.package_identification:_identify(.) by extensions ['ignore', 'ignore_ament_install']
[0.216s] Level 1:colcon.colcon_core.package_identification:_identify(.) by extension 'ignore'
[0.216s] Level 1:colcon.colcon_core.package_identification:_identify(.) by extension 'ignore_ament_install'
[0.216s] Level 1:colcon.colcon_core.package_identification:_identify(.) by extensions ['colcon_pkg']
[0.216s] Level 1:colcon.colcon_core.package_identification:_identify(.) by extension 'colcon_pkg'
[0.216s] Level 1:colcon.colcon_core.package_identification:_identify(.) by extensions ['colcon_meta']
[0.216s] Level 1:colcon.colcon_core.package_identification:_identify(.) by extension 'colcon_meta'
[0.216s] Level 1:colcon.colcon_core.package_identification:_identify(.) by extensions ['ros']
[0.216s] Level 1:colcon.colcon_core.package_identification:_identify(.) by extension 'ros'
[0.224s] Level 1:colcon.colcon_core.package_identification:_identify(.) by extensions ['cmake', 'python']
[0.224s] Level 1:colcon.colcon_core.package_identification:_identify(.) by extension 'cmake'
[0.224s] Level 1:colcon.colcon_core.package_identification:_identify(.) by extension 'python'
[0.224s] Level 1:colcon.colcon_core.package_identification:_identify(.) by extensions ['python_setup_py']
[0.224s] Level 1:colcon.colcon_core.package_identification:_identify(.) by extension 'python_setup_py'
[0.224s] Level 1:colcon.colcon_core.package_identification:_identify(build) by extensions ['ignore', 'ignore_ament_install']
[0.225s] Level 1:colcon.colcon_core.package_identification:_identify(build) by extension 'ignore'
[0.225s] Level 1:colcon.colcon_core.package_identification:_identify(build) ignored
[0.225s] Level 1:colcon.colcon_core.package_identification:_identify(camera_detection_interfaces) by extensions ['ignore', 'ignore_ament_install']
[0.225s] Level 1:colcon.colcon_core.package_identification:_identify(camera_detection_interfaces) by extension 'ignore'
[0.225s] Level 1:colcon.colcon_core.package_identification:_identify(camera_detection_interfaces) by extension 'ignore_ament_install'
[0.225s] Level 1:colcon.colcon_core.package_identification:_identify(camera_detection_interfaces) by extensions ['colcon_pkg']
[0.225s] Level 1:colcon.colcon_core.package_identification:_identify(camera_detection_interfaces) by extension 'colcon_pkg'
[0.225s] Level 1:colcon.colcon_core.package_identification:_identify(camera_detection_interfaces) by extensions ['colcon_meta']
[0.225s] Level 1:colcon.colcon_core.package_identification:_identify(camera_detection_interfaces) by extension 'colcon_meta'
[0.225s] Level 1:colcon.colcon_core.package_identification:_identify(camera_detection_interfaces) by extensions ['ros']
[0.225s] Level 1:colcon.colcon_core.package_identification:_identify(camera_detection_interfaces) by extension 'ros'
[0.227s] DEBUG:colcon.colcon_core.package_identification:Package 'camera_detection_interfaces' with type 'ros.ament_cmake' and name 'camera_detection_interfaces'
[0.227s] Level 1:colcon.colcon_core.package_identification:_identify(install) by extensions ['ignore', 'ignore_ament_install']
[0.227s] Level 1:colcon.colcon_core.package_identification:_identify(install) by extension 'ignore'
[0.227s] Level 1:colcon.colcon_core.package_identification:_identify(install) ignored
[0.227s] Level 1:colcon.colcon_core.package_identification:_identify(log) by extensions ['ignore', 'ignore_ament_install']
[0.227s] Level 1:colcon.colcon_core.package_identification:_identify(log) by extension 'ignore'
[0.227s] Level 1:colcon.colcon_core.package_identification:_identify(log) ignored
[0.227s] Level 1:colcon.colcon_core.package_identification:_identify(src) by extensions ['ignore', 'ignore_ament_install']
[0.227s] Level 1:colcon.colcon_core.package_identification:_identify(src) by extension 'ignore'
[0.227s] Level 1:colcon.colcon_core.package_identification:_identify(src) by extension 'ignore_ament_install'
[0.227s] Level 1:colcon.colcon_core.package_identification:_identify(src) by extensions ['colcon_pkg']
[0.227s] Level 1:colcon.colcon_core.package_identification:_identify(src) by extension 'colcon_pkg'
[0.227s] Level 1:colcon.colcon_core.package_identification:_identify(src) by extensions ['colcon_meta']
[0.227s] Level 1:colcon.colcon_core.package_identification:_identify(src) by extension 'colcon_meta'
[0.227s] Level 1:colcon.colcon_core.package_identification:_identify(src) by extensions ['ros']
[0.227s] Level 1:colcon.colcon_core.package_identification:_identify(src) by extension 'ros'
[0.227s] Level 1:colcon.colcon_core.package_identification:_identify(src) by extensions ['cmake', 'python']
[0.227s] Level 1:colcon.colcon_core.package_identification:_identify(src) by extension 'cmake'
[0.227s] Level 1:colcon.colcon_core.package_identification:_identify(src) by extension 'python'
[0.227s] Level 1:colcon.colcon_core.package_identification:_identify(src) by extensions ['python_setup_py']
[0.228s] Level 1:colcon.colcon_core.package_identification:_identify(src) by extension 'python_setup_py'
[0.228s] Level 1:colcon.colcon_core.package_identification:_identify(src/camera_detection) by extensions ['ignore', 'ignore_ament_install']
[0.228s] Level 1:colcon.colcon_core.package_identification:_identify(src/camera_detection) by extension 'ignore'
[0.228s] Level 1:colcon.colcon_core.package_identification:_identify(src/camera_detection) by extension 'ignore_ament_install'
[0.228s] Level 1:colcon.colcon_core.package_identification:_identify(src/camera_detection) by extensions ['colcon_pkg']
[0.228s] Level 1:colcon.colcon_core.package_identification:_identify(src/camera_detection) by extension 'colcon_pkg'
[0.228s] Level 1:colcon.colcon_core.package_identification:_identify(src/camera_detection) by extensions ['colcon_meta']
[0.228s] Level 1:colcon.colcon_core.package_identification:_identify(src/camera_detection) by extension 'colcon_meta'
[0.228s] Level 1:colcon.colcon_core.package_identification:_identify(src/camera_detection) by extensions ['ros']
[0.228s] Level 1:colcon.colcon_core.package_identification:_identify(src/camera_detection) by extension 'ros'
[0.228s] DEBUG:colcon.colcon_core.package_identification:Package 'src/camera_detection' with type 'ros.ament_python' and name 'camera_detection'
[0.229s] Level 1:colcon.colcon_core.package_identification:_identify(src/robot_bridge) by extensions ['ignore', 'ignore_ament_install']
[0.229s] Level 1:colcon.colcon_core.package_identification:_identify(src/robot_bridge) by extension 'ignore'
[0.229s] Level 1:colcon.colcon_core.package_identification:_identify(src/robot_bridge) by extension 'ignore_ament_install'
[0.229s] Level 1:colcon.colcon_core.package_identification:_identify(src/robot_bridge) by extensions ['colcon_pkg']
[0.229s] Level 1:colcon.colcon_core.package_identification:_identify(src/robot_bridge) by extension 'colcon_pkg'
[0.229s] Level 1:colcon.colcon_core.package_identification:_identify(src/robot_bridge) by extensions ['colcon_meta']
[0.229s] Level 1:colcon.colcon_core.package_identification:_identify(src/robot_bridge) by extension 'colcon_meta'
[0.229s] Level 1:colcon.colcon_core.package_identification:_identify(src/robot_bridge) by extensions ['ros']
[0.229s] Level 1:colcon.colcon_core.package_identification:_identify(src/robot_bridge) by extension 'ros'
[0.229s] DEBUG:colcon.colcon_core.package_identification:Package 'src/robot_bridge' with type 'ros.ament_python' and name 'robot_bridge'
[0.229s] Level 1:colcon.colcon_core.package_discovery:discover_packages(recursive) using defaults
[0.229s] Level 1:colcon.colcon_core.package_discovery:discover_packages(ignore) discover
[0.229s] Level 1:colcon.colcon_core.package_discovery:discover_packages(ignore) using defaults
[0.230s] Level 1:colcon.colcon_core.package_discovery:discover_packages(path) discover
[0.230s] Level 1:colcon.colcon_core.package_discovery:discover_packages(path) using defaults
[0.251s] INFO:colcon.colcon_core.package_selection:Skipping not selected package 'camera_detection' in 'src/camera_detection'
[0.251s] INFO:colcon.colcon_core.package_selection:Skipping not selected package 'robot_bridge' in 'src/robot_bridge'
[0.251s] Level 1:colcon.colcon_core.package_discovery:discover_packages(prefix_path) check parameters
[0.251s] Level 1:colcon.colcon_core.package_discovery:discover_packages(prefix_path) discover
[0.253s] DEBUG:colcon.colcon_installed_package_information.package_discovery:Found 2 installed packages in /home/caleb/Documents/robot_ws/install
[0.253s] DEBUG:colcon.colcon_installed_package_information.package_discovery:Found 1 installed packages in /home/caleb/Documents/robot_ws/camera_detection_interfaces/install
[0.254s] DEBUG:colcon.colcon_installed_package_information.package_discovery:Found 391 installed packages in /opt/ros/humble
[0.256s] Level 1:colcon.colcon_core.package_discovery:discover_packages(prefix_path) using defaults
[0.290s] Level 5:colcon.colcon_core.verb:set package 'camera_detection_interfaces' build argument 'cmake_args' from command line to 'None'
[0.290s] Level 5:colcon.colcon_core.verb:set package 'camera_detection_interfaces' build argument 'cmake_target' from command line to 'None'
[0.290s] Level 5:colcon.colcon_core.verb:set package 'camera_detection_interfaces' build argument 'cmake_target_skip_unavailable' from command line to 'False'
[0.290s] Level 5:colcon.colcon_core.verb:set package 'camera_detection_interfaces' build argument 'cmake_clean_cache' from command line to 'False'
[0.290s] Level 5:colcon.colcon_core.verb:set package 'camera_detection_interfaces' build argument 'cmake_clean_first' from command line to 'False'
[0.290s] Level 5:colcon.colcon_core.verb:set package 'camera_detection_interfaces' build argument 'cmake_force_configure' from command line to 'False'
[0.290s] Level 5:colcon.colcon_core.verb:set package 'camera_detection_interfaces' build argument 'ament_cmake_args' from command line to 'None'
[0.290s] Level 5:colcon.colcon_core.verb:set package 'camera_detection_interfaces' build argument 'catkin_cmake_args' from command line to 'None'
[0.290s] Level 5:colcon.colcon_core.verb:set package 'camera_detection_interfaces' build argument 'catkin_skip_building_tests' from command line to 'False'
[0.290s] DEBUG:colcon.colcon_core.verb:Building package 'camera_detection_interfaces' with the following arguments: {'ament_cmake_args': None, 'build_base': '/home/caleb/Documents/robot_ws/build/camera_detection_interfaces', 'catkin_cmake_args': None, 'catkin_skip_building_tests': False, 'cmake_args': None, 'cmake_clean_cache': False, 'cmake_clean_first': False, 'cmake_force_configure': False, 'cmake_target': None, 'cmake_target_skip_unavailable': False, 'install_base': '/home/caleb/Documents/robot_ws/install/camera_detection_interfaces', 'merge_install': False, 'path': '/home/caleb/Documents/robot_ws/camera_detection_interfaces', 'symlink_install': False, 'test_result_base': None}
[0.290s] INFO:colcon.colcon_core.executor:Executing jobs using 'parallel' executor
[0.291s] DEBUG:colcon.colcon_parallel_executor.executor.parallel:run_until_complete
[0.291s] INFO:colcon.colcon_ros.task.ament_cmake.build:Building ROS package in '/home/caleb/Documents/robot_ws/camera_detection_interfaces' with build type 'ament_cmake'
[0.291s] INFO:colcon.colcon_cmake.task.cmake.build:Building CMake package in '/home/caleb/Documents/robot_ws/camera_detection_interfaces'
[0.293s] INFO:colcon.colcon_core.plugin_system:Skipping extension 'colcon_core.shell.bat': Not used on non-Windows systems
[0.293s] INFO:colcon.colcon_core.shell:Skip shell extension 'powershell' for command environment: Not usable outside of PowerShell
[0.293s] DEBUG:colcon.colcon_core.shell:Skip shell extension 'dsv' for command environment
[0.301s] DEBUG:colcon.colcon_core.event_handler.log_command:Invoking command in '/home/caleb/Documents/robot_ws/build/camera_detection_interfaces': CMAKE_PREFIX_PATH=/home/caleb/Documents/robot_ws/install/robot_bridge:/home/caleb/Documents/robot_ws/install/camera_detection:/opt/ros/humble /usr/bin/cmake /home/caleb/Documents/robot_ws/camera_detection_interfaces -DCMAKE_INSTALL_PREFIX=/home/caleb/Documents/robot_ws/install/camera_detection_interfaces
[1.245s] DEBUG:colcon.colcon_core.event_handler.log_command:Invoked command in '/home/caleb/Documents/robot_ws/build/camera_detection_interfaces' returned '0': CMAKE_PREFIX_PATH=/home/caleb/Documents/robot_ws/install/robot_bridge:/home/caleb/Documents/robot_ws/install/camera_detection:/opt/ros/humble /usr/bin/cmake /home/caleb/Documents/robot_ws/camera_detection_interfaces -DCMAKE_INSTALL_PREFIX=/home/caleb/Documents/robot_ws/install/camera_detection_interfaces
[1.247s] DEBUG:colcon.colcon_core.event_handler.log_command:Invoking command in '/home/caleb/Documents/robot_ws/build/camera_detection_interfaces': CMAKE_PREFIX_PATH=/home/caleb/Documents/robot_ws/install/robot_bridge:/home/caleb/Documents/robot_ws/install/camera_detection:/opt/ros/humble /usr/bin/cmake --build /home/caleb/Documents/robot_ws/build/camera_detection_interfaces -- -j16 -l16
[2.648s] DEBUG:colcon.colcon_core.event_handler.log_command:Invoked command in '/home/caleb/Documents/robot_ws/build/camera_detection_interfaces' returned '0': CMAKE_PREFIX_PATH=/home/caleb/Documents/robot_ws/install/robot_bridge:/home/caleb/Documents/robot_ws/install/camera_detection:/opt/ros/humble /usr/bin/cmake --build /home/caleb/Documents/robot_ws/build/camera_detection_interfaces -- -j16 -l16
[2.657s] DEBUG:colcon.colcon_core.event_handler.log_command:Invoking command in '/home/caleb/Documents/robot_ws/build/camera_detection_interfaces': CMAKE_PREFIX_PATH=/home/caleb/Documents/robot_ws/install/robot_bridge:/home/caleb/Documents/robot_ws/install/camera_detection:/opt/ros/humble /usr/bin/cmake --install /home/caleb/Documents/robot_ws/build/camera_detection_interfaces
[2.712s] Level 1:colcon.colcon_core.environment:create_environment_scripts_only(camera_detection_interfaces)
[2.713s] DEBUG:colcon.colcon_core.event_handler.log_command:Invoked command in '/home/caleb/Documents/robot_ws/build/camera_detection_interfaces' returned '0': CMAKE_PREFIX_PATH=/home/caleb/Documents/robot_ws/install/robot_bridge:/home/caleb/Documents/robot_ws/install/camera_detection:/opt/ros/humble /usr/bin/cmake --install /home/caleb/Documents/robot_ws/build/camera_detection_interfaces
[2.714s] Level 1:colcon.colcon_core.environment:checking '/home/caleb/Documents/robot_ws/install/camera_detection_interfaces' for CMake module files
[2.715s] Level 1:colcon.colcon_core.environment:checking '/home/caleb/Documents/robot_ws/install/camera_detection_interfaces' for CMake config files
[2.715s] Level 1:colcon.colcon_core.shell:create_environment_hook('camera_detection_interfaces', 'cmake_prefix_path')
[2.715s] INFO:colcon.colcon_core.shell:Creating environment hook '/home/caleb/Documents/robot_ws/install/camera_detection_interfaces/share/camera_detection_interfaces/hook/cmake_prefix_path.ps1'
[2.716s] INFO:colcon.colcon_core.shell:Creating environment descriptor '/home/caleb/Documents/robot_ws/install/camera_detection_interfaces/share/camera_detection_interfaces/hook/cmake_prefix_path.dsv'
[2.716s] INFO:colcon.colcon_core.shell:Creating environment hook '/home/caleb/Documents/robot_ws/install/camera_detection_interfaces/share/camera_detection_interfaces/hook/cmake_prefix_path.sh'
[2.717s] Level 1:colcon.colcon_core.environment:checking '/home/caleb/Documents/robot_ws/install/camera_detection_interfaces/lib'
[2.717s] Level 1:colcon.colcon_core.shell:create_environment_hook('camera_detection_interfaces', 'ld_library_path_lib')
[2.717s] INFO:colcon.colcon_core.shell:Creating environment hook '/home/caleb/Documents/robot_ws/install/camera_detection_interfaces/share/camera_detection_interfaces/hook/ld_library_path_lib.ps1'
[2.717s] INFO:colcon.colcon_core.shell:Creating environment descriptor '/home/caleb/Documents/robot_ws/install/camera_detection_interfaces/share/camera_detection_interfaces/hook/ld_library_path_lib.dsv'
[2.717s] INFO:colcon.colcon_core.shell:Creating environment hook '/home/caleb/Documents/robot_ws/install/camera_detection_interfaces/share/camera_detection_interfaces/hook/ld_library_path_lib.sh'
[2.718s] Level 1:colcon.colcon_core.environment:checking '/home/caleb/Documents/robot_ws/install/camera_detection_interfaces/bin'
[2.718s] Level 1:colcon.colcon_core.environment:checking '/home/caleb/Documents/robot_ws/install/camera_detection_interfaces/lib/pkgconfig/camera_detection_interfaces.pc'
[2.718s] Level 1:colcon.colcon_core.environment:checking '/home/caleb/Documents/robot_ws/install/camera_detection_interfaces/lib/python3.10/site-packages'
[2.718s] Level 1:colcon.colcon_core.environment:checking '/home/caleb/Documents/robot_ws/install/camera_detection_interfaces/bin'
[2.718s] INFO:colcon.colcon_core.shell:Creating package script '/home/caleb/Documents/robot_ws/install/camera_detection_interfaces/share/camera_detection_interfaces/package.ps1'
[2.719s] INFO:colcon.colcon_core.shell:Creating package descriptor '/home/caleb/Documents/robot_ws/install/camera_detection_interfaces/share/camera_detection_interfaces/package.dsv'
[2.720s] INFO:colcon.colcon_core.shell:Creating package script '/home/caleb/Documents/robot_ws/install/camera_detection_interfaces/share/camera_detection_interfaces/package.sh'
[2.720s] INFO:colcon.colcon_core.shell:Creating package script '/home/caleb/Documents/robot_ws/install/camera_detection_interfaces/share/camera_detection_interfaces/package.bash'
[2.721s] INFO:colcon.colcon_core.shell:Creating package script '/home/caleb/Documents/robot_ws/install/camera_detection_interfaces/share/camera_detection_interfaces/package.zsh'
[2.721s] Level 1:colcon.colcon_core.environment:create_file_with_runtime_dependencies(/home/caleb/Documents/robot_ws/install/camera_detection_interfaces/share/colcon-core/packages/camera_detection_interfaces)
[2.722s] Level 1:colcon.colcon_core.environment:create_environment_scripts_only(camera_detection_interfaces)
[2.722s] Level 1:colcon.colcon_core.environment:checking '/home/caleb/Documents/robot_ws/install/camera_detection_interfaces' for CMake module files
[2.722s] Level 1:colcon.colcon_core.environment:checking '/home/caleb/Documents/robot_ws/install/camera_detection_interfaces' for CMake config files
[2.723s] Level 1:colcon.colcon_core.shell:create_environment_hook('camera_detection_interfaces', 'cmake_prefix_path')
[2.723s] INFO:colcon.colcon_core.shell:Creating environment hook '/home/caleb/Documents/robot_ws/install/camera_detection_interfaces/share/camera_detection_interfaces/hook/cmake_prefix_path.ps1'
[2.723s] INFO:colcon.colcon_core.shell:Creating environment descriptor '/home/caleb/Documents/robot_ws/install/camera_detection_interfaces/share/camera_detection_interfaces/hook/cmake_prefix_path.dsv'
[2.723s] INFO:colcon.colcon_core.shell:Creating environment hook '/home/caleb/Documents/robot_ws/install/camera_detection_interfaces/share/camera_detection_interfaces/hook/cmake_prefix_path.sh'
[2.724s] Level 1:colcon.colcon_core.environment:checking '/home/caleb/Documents/robot_ws/install/camera_detection_interfaces/lib'
[2.724s] Level 1:colcon.colcon_core.shell:create_environment_hook('camera_detection_interfaces', 'ld_library_path_lib')
[2.724s] INFO:colcon.colcon_core.shell:Creating environment hook '/home/caleb/Documents/robot_ws/install/camera_detection_interfaces/share/camera_detection_interfaces/hook/ld_library_path_lib.ps1'
[2.724s] INFO:colcon.colcon_core.shell:Creating environment descriptor '/home/caleb/Documents/robot_ws/install/camera_detection_interfaces/share/camera_detection_interfaces/hook/ld_library_path_lib.dsv'
[2.725s] INFO:colcon.colcon_core.shell:Creating environment hook '/home/caleb/Documents/robot_ws/install/camera_detection_interfaces/share/camera_detection_interfaces/hook/ld_library_path_lib.sh'
[2.725s] Level 1:colcon.colcon_core.environment:checking '/home/caleb/Documents/robot_ws/install/camera_detection_interfaces/bin'
[2.725s] Level 1:colcon.colcon_core.environment:checking '/home/caleb/Documents/robot_ws/install/camera_detection_interfaces/lib/pkgconfig/camera_detection_interfaces.pc'
[2.725s] Level 1:colcon.colcon_core.environment:checking '/home/caleb/Documents/robot_ws/install/camera_detection_interfaces/lib/python3.10/site-packages'
[2.725s] Level 1:colcon.colcon_core.environment:checking '/home/caleb/Documents/robot_ws/install/camera_detection_interfaces/bin'
[2.725s] INFO:colcon.colcon_core.shell:Creating package script '/home/caleb/Documents/robot_ws/install/camera_detection_interfaces/share/camera_detection_interfaces/package.ps1'
[2.726s] INFO:colcon.colcon_core.shell:Creating package descriptor '/home/caleb/Documents/robot_ws/install/camera_detection_interfaces/share/camera_detection_interfaces/package.dsv'
[2.726s] INFO:colcon.colcon_core.shell:Creating package script '/home/caleb/Documents/robot_ws/install/camera_detection_interfaces/share/camera_detection_interfaces/package.sh'
[2.727s] INFO:colcon.colcon_core.shell:Creating package script '/home/caleb/Documents/robot_ws/install/camera_detection_interfaces/share/camera_detection_interfaces/package.bash'
[2.727s] INFO:colcon.colcon_core.shell:Creating package script '/home/caleb/Documents/robot_ws/install/camera_detection_interfaces/share/camera_detection_interfaces/package.zsh'
[2.727s] Level 1:colcon.colcon_core.environment:create_file_with_runtime_dependencies(/home/caleb/Documents/robot_ws/install/camera_detection_interfaces/share/colcon-core/packages/camera_detection_interfaces)
[2.727s] DEBUG:colcon.colcon_parallel_executor.executor.parallel:closing loop
[2.727s] DEBUG:colcon.colcon_parallel_executor.executor.parallel:loop closed
[2.727s] DEBUG:colcon.colcon_parallel_executor.executor.parallel:run_until_complete finished with '0'
[2.727s] DEBUG:colcon.colcon_core.event_reactor:joining thread
[2.731s] INFO:colcon.colcon_core.plugin_system:Skipping extension 'colcon_notification.desktop_notification.terminal_notifier': Not used on non-Darwin systems
[2.731s] INFO:colcon.colcon_core.plugin_system:Skipping extension 'colcon_notification.desktop_notification.win32': Not used on non-Windows systems
[2.731s] INFO:colcon.colcon_notification.desktop_notification:Sending desktop notification using 'notify2'
[2.740s] DEBUG:colcon.colcon_core.event_reactor:joined thread
[2.740s] INFO:colcon.colcon_core.shell:Creating prefix script '/home/caleb/Documents/robot_ws/install/local_setup.ps1'
[2.741s] INFO:colcon.colcon_core.shell:Creating prefix util module '/home/caleb/Documents/robot_ws/install/_local_setup_util_ps1.py'
[2.742s] INFO:colcon.colcon_core.shell:Creating prefix chain script '/home/caleb/Documents/robot_ws/install/setup.ps1'
[2.743s] INFO:colcon.colcon_core.shell:Creating prefix script '/home/caleb/Documents/robot_ws/install/local_setup.sh'
[2.744s] INFO:colcon.colcon_core.shell:Creating prefix util module '/home/caleb/Documents/robot_ws/install/_local_setup_util_sh.py'
[2.744s] INFO:colcon.colcon_core.shell:Creating prefix chain script '/home/caleb/Documents/robot_ws/install/setup.sh'
[2.745s] INFO:colcon.colcon_core.shell:Creating prefix script '/home/caleb/Documents/robot_ws/install/local_setup.bash'
[2.745s] INFO:colcon.colcon_core.shell:Creating prefix chain script '/home/caleb/Documents/robot_ws/install/setup.bash'
[2.746s] INFO:colcon.colcon_core.shell:Creating prefix script '/home/caleb/Documents/robot_ws/install/local_setup.zsh'
[2.746s] INFO:colcon.colcon_core.shell:Creating prefix chain script '/home/caleb/Documents/robot_ws/install/setup.zsh'
