-- The C compiler identification is GNU 11.4.0
-- The CXX compiler identification is GNU 11.4.0
-- Detecting C compiler ABI info
-- Detecting C compiler ABI info - done
-- Check for working C compiler: /usr/bin/cc - skipped
-- Detecting C compile features
-- Detecting C compile features - done
-- Detecting CXX compiler ABI info
-- Detecting CXX compiler ABI info - done
-- Check for working CXX compiler: /usr/bin/c++ - skipped
-- Detecting CXX compile features
-- Detecting CXX compile features - done
-- Found ament_cmake: 1.3.14 (/opt/ros/humble/share/ament_cmake/cmake)
-- Found Python3: /usr/bin/python3 (found version "3.10.12") found components: Interpreter 
-- Found rclpy: 3.3.21 (/opt/ros/humble/share/rclpy/cmake)
-- Found std_msgs: 4.9.1 (/opt/ros/humble/share/std_msgs/cmake)
-- Found rosidl_generator_c: 3.1.8 (/opt/ros/humble/share/rosidl_generator_c/cmake)
-- Found rosidl_adapter: 3.1.8 (/opt/ros/humble/share/rosidl_adapter/cmake)
-- Found rosidl_generator_cpp: 3.1.8 (/opt/ros/humble/share/rosidl_generator_cpp/cmake)
-- Using all available rosidl_typesupport_c: rosidl_typesupport_fastrtps_c;rosidl_typesupport_introspection_c
-- Using all available rosidl_typesupport_cpp: rosidl_typesupport_fastrtps_cpp;rosidl_typesupport_introspection_cpp
-- Found OpenCV: /usr (found version "4.5.4") 
-- Found camera_detection_interfaces: 0.0.1 (/home/caleb/Documents/robot_ws/install/camera_detection_interfaces/share/camera_detection_interfaces/cmake)
-- Configuring done
-- Generating done
-- Build files have been written to: /home/caleb/Documents/robot_ws/build/camera_detection
[ 50%] [32mBuilding CXX object CMakeFiles/panorama_robusto.dir/src/panorama_robusto.cpp.o[0m
[100%] [32m[1mLinking CXX executable panorama_robusto[0m
[100%] Built target panorama_robusto
-- Install configuration: ""
-- Installing: /home/caleb/Documents/robot_ws/install/camera_detection/lib/camera_detection/panorama_robusto
-- Installing: /home/caleb/Documents/robot_ws/install/camera_detection/lib/camera_detection/detection_service.py
-- Up-to-date: /home/caleb/Documents/robot_ws/install/camera_detection/lib/camera_detection
-- Up-to-date: /home/caleb/Documents/robot_ws/install/camera_detection/lib/camera_detection/detection_service.py
-- Installing: /home/caleb/Documents/robot_ws/install/camera_detection/share/ament_index/resource_index/package_run_dependencies/camera_detection
-- Installing: /home/caleb/Documents/robot_ws/install/camera_detection/share/ament_index/resource_index/parent_prefix_path/camera_detection
-- Installing: /home/caleb/Documents/robot_ws/install/camera_detection/share/camera_detection/environment/ament_prefix_path.sh
-- Installing: /home/caleb/Documents/robot_ws/install/camera_detection/share/camera_detection/environment/ament_prefix_path.dsv
-- Installing: /home/caleb/Documents/robot_ws/install/camera_detection/share/camera_detection/environment/path.sh
-- Installing: /home/caleb/Documents/robot_ws/install/camera_detection/share/camera_detection/environment/path.dsv
-- Installing: /home/caleb/Documents/robot_ws/install/camera_detection/share/camera_detection/local_setup.bash
-- Installing: /home/caleb/Documents/robot_ws/install/camera_detection/share/camera_detection/local_setup.sh
-- Installing: /home/caleb/Documents/robot_ws/install/camera_detection/share/camera_detection/local_setup.zsh
-- Installing: /home/caleb/Documents/robot_ws/install/camera_detection/share/camera_detection/local_setup.dsv
-- Installing: /home/caleb/Documents/robot_ws/install/camera_detection/share/camera_detection/package.dsv
-- Installing: /home/caleb/Documents/robot_ws/install/camera_detection/share/ament_index/resource_index/packages/camera_detection
-- Installing: /home/caleb/Documents/robot_ws/install/camera_detection/share/camera_detection/cmake/camera_detectionConfig.cmake
-- Installing: /home/caleb/Documents/robot_ws/install/camera_detection/share/camera_detection/cmake/camera_detectionConfig-version.cmake
-- Installing: /home/caleb/Documents/robot_ws/install/camera_detection/share/camera_detection/package.xml
