[0.011s] Invoking command in '/home/caleb/Documents/robot_ws/build/camera_detection': CMAKE_PREFIX_PATH=${CMAKE_PREFIX_PATH}:/home/caleb/Documents/robot_ws/install/robot_bridge:/home/caleb/Documents/robot_ws/install/camera_detection:/opt/ros/humble LD_LIBRARY_PATH=/home/caleb/Documents/robot_ws/install/camera_detection_interfaces/lib:/usr/lib/x86_64-linux-gnu/gazebo-11/plugins:/opt/ros/humble/opt/rviz_ogre_vendor/lib:/opt/ros/humble/lib/x86_64-linux-gnu:/opt/ros/humble/lib:/usr/share/gazebo/../../lib/x86_64-linux-gnu/gazebo-11/plugins /usr/bin/cmake /home/caleb/Documents/robot_ws/src/camera_detection -DCMAKE_INSTALL_PREFIX=/home/caleb/Documents/robot_ws/install/camera_detection
[0.054s] -- The C compiler identification is GNU 11.4.0
[0.096s] -- The CXX compiler identification is GNU 11.4.0
[0.102s] -- Detecting C compiler ABI info
[0.158s] -- Detecting C compiler ABI info - done
[0.163s] -- Check for working C compiler: /usr/bin/cc - skipped
[0.163s] -- Detecting C compile features
[0.164s] -- Detecting C compile features - done
[0.166s] -- Detecting CXX compiler ABI info
[0.229s] -- Detecting CXX compiler ABI info - done
[0.235s] -- Check for working CXX compiler: /usr/bin/c++ - skipped
[0.235s] -- Detecting CXX compile features
[0.235s] -- Detecting CXX compile features - done
[0.237s] -- Found ament_cmake: 1.3.14 (/opt/ros/humble/share/ament_cmake/cmake)
[0.381s] -- Found Python3: /usr/bin/python3 (found version "3.10.12") found components: Interpreter 
[0.457s] -- Found rclpy: 3.3.21 (/opt/ros/humble/share/rclpy/cmake)
[0.459s] -- Found std_msgs: 4.9.1 (/opt/ros/humble/share/std_msgs/cmake)
[0.495s] -- Found rosidl_generator_c: 3.1.8 (/opt/ros/humble/share/rosidl_generator_c/cmake)
[0.499s] -- Found rosidl_adapter: 3.1.8 (/opt/ros/humble/share/rosidl_adapter/cmake)
[0.506s] -- Found rosidl_generator_cpp: 3.1.8 (/opt/ros/humble/share/rosidl_generator_cpp/cmake)
[0.516s] -- Using all available rosidl_typesupport_c: rosidl_typesupport_fastrtps_c;rosidl_typesupport_introspection_c
[0.528s] -- Using all available rosidl_typesupport_cpp: rosidl_typesupport_fastrtps_cpp;rosidl_typesupport_introspection_cpp
[0.559s] -- Found OpenCV: /usr (found version "4.5.4") 
[0.559s] -- Found camera_detection_interfaces: 0.0.1 (/home/caleb/Documents/robot_ws/install/camera_detection_interfaces/share/camera_detection_interfaces/cmake)
[0.617s] -- Configuring done
[0.624s] -- Generating done
[0.626s] -- Build files have been written to: /home/caleb/Documents/robot_ws/build/camera_detection
[0.633s] Invoked command in '/home/caleb/Documents/robot_ws/build/camera_detection' returned '0': CMAKE_PREFIX_PATH=${CMAKE_PREFIX_PATH}:/home/caleb/Documents/robot_ws/install/robot_bridge:/home/caleb/Documents/robot_ws/install/camera_detection:/opt/ros/humble LD_LIBRARY_PATH=/home/caleb/Documents/robot_ws/install/camera_detection_interfaces/lib:/usr/lib/x86_64-linux-gnu/gazebo-11/plugins:/opt/ros/humble/opt/rviz_ogre_vendor/lib:/opt/ros/humble/lib/x86_64-linux-gnu:/opt/ros/humble/lib:/usr/share/gazebo/../../lib/x86_64-linux-gnu/gazebo-11/plugins /usr/bin/cmake /home/caleb/Documents/robot_ws/src/camera_detection -DCMAKE_INSTALL_PREFIX=/home/caleb/Documents/robot_ws/install/camera_detection
[0.635s] Invoking command in '/home/caleb/Documents/robot_ws/build/camera_detection': CMAKE_PREFIX_PATH=${CMAKE_PREFIX_PATH}:/home/caleb/Documents/robot_ws/install/robot_bridge:/home/caleb/Documents/robot_ws/install/camera_detection:/opt/ros/humble LD_LIBRARY_PATH=/home/caleb/Documents/robot_ws/install/camera_detection_interfaces/lib:/usr/lib/x86_64-linux-gnu/gazebo-11/plugins:/opt/ros/humble/opt/rviz_ogre_vendor/lib:/opt/ros/humble/lib/x86_64-linux-gnu:/opt/ros/humble/lib:/usr/share/gazebo/../../lib/x86_64-linux-gnu/gazebo-11/plugins /usr/bin/cmake --build /home/caleb/Documents/robot_ws/build/camera_detection -- -j16 -l16
[0.677s] [ 50%] [32mBuilding CXX object CMakeFiles/panorama_robusto.dir/src/panorama_robusto.cpp.o[0m
[1.821s] [100%] [32m[1mLinking CXX executable panorama_robusto[0m
[2.055s] [100%] Built target panorama_robusto
[2.065s] Invoked command in '/home/caleb/Documents/robot_ws/build/camera_detection' returned '0': CMAKE_PREFIX_PATH=${CMAKE_PREFIX_PATH}:/home/caleb/Documents/robot_ws/install/robot_bridge:/home/caleb/Documents/robot_ws/install/camera_detection:/opt/ros/humble LD_LIBRARY_PATH=/home/caleb/Documents/robot_ws/install/camera_detection_interfaces/lib:/usr/lib/x86_64-linux-gnu/gazebo-11/plugins:/opt/ros/humble/opt/rviz_ogre_vendor/lib:/opt/ros/humble/lib/x86_64-linux-gnu:/opt/ros/humble/lib:/usr/share/gazebo/../../lib/x86_64-linux-gnu/gazebo-11/plugins /usr/bin/cmake --build /home/caleb/Documents/robot_ws/build/camera_detection -- -j16 -l16
[2.074s] Invoking command in '/home/caleb/Documents/robot_ws/build/camera_detection': CMAKE_PREFIX_PATH=${CMAKE_PREFIX_PATH}:/home/caleb/Documents/robot_ws/install/robot_bridge:/home/caleb/Documents/robot_ws/install/camera_detection:/opt/ros/humble LD_LIBRARY_PATH=/home/caleb/Documents/robot_ws/install/camera_detection_interfaces/lib:/usr/lib/x86_64-linux-gnu/gazebo-11/plugins:/opt/ros/humble/opt/rviz_ogre_vendor/lib:/opt/ros/humble/lib/x86_64-linux-gnu:/opt/ros/humble/lib:/usr/share/gazebo/../../lib/x86_64-linux-gnu/gazebo-11/plugins /usr/bin/cmake --install /home/caleb/Documents/robot_ws/build/camera_detection
[2.080s] -- Install configuration: ""
[2.080s] -- Installing: /home/caleb/Documents/robot_ws/install/camera_detection/lib/camera_detection/panorama_robusto
[2.080s] -- Installing: /home/caleb/Documents/robot_ws/install/camera_detection/lib/camera_detection/detection_service.py
[2.080s] -- Up-to-date: /home/caleb/Documents/robot_ws/install/camera_detection/lib/camera_detection
[2.080s] -- Up-to-date: /home/caleb/Documents/robot_ws/install/camera_detection/lib/camera_detection/detection_service.py
[2.081s] -- Installing: /home/caleb/Documents/robot_ws/install/camera_detection/share/ament_index/resource_index/package_run_dependencies/camera_detection
[2.081s] -- Installing: /home/caleb/Documents/robot_ws/install/camera_detection/share/ament_index/resource_index/parent_prefix_path/camera_detection
[2.081s] -- Installing: /home/caleb/Documents/robot_ws/install/camera_detection/share/camera_detection/environment/ament_prefix_path.sh
[2.081s] -- Installing: /home/caleb/Documents/robot_ws/install/camera_detection/share/camera_detection/environment/ament_prefix_path.dsv
[2.081s] -- Installing: /home/caleb/Documents/robot_ws/install/camera_detection/share/camera_detection/environment/path.sh
[2.081s] -- Installing: /home/caleb/Documents/robot_ws/install/camera_detection/share/camera_detection/environment/path.dsv
[2.081s] -- Installing: /home/caleb/Documents/robot_ws/install/camera_detection/share/camera_detection/local_setup.bash
[2.082s] -- Installing: /home/caleb/Documents/robot_ws/install/camera_detection/share/camera_detection/local_setup.sh
[2.082s] -- Installing: /home/caleb/Documents/robot_ws/install/camera_detection/share/camera_detection/local_setup.zsh
[2.082s] -- Installing: /home/caleb/Documents/robot_ws/install/camera_detection/share/camera_detection/local_setup.dsv
[2.082s] -- Installing: /home/caleb/Documents/robot_ws/install/camera_detection/share/camera_detection/package.dsv
[2.082s] -- Installing: /home/caleb/Documents/robot_ws/install/camera_detection/share/ament_index/resource_index/packages/camera_detection
[2.082s] -- Installing: /home/caleb/Documents/robot_ws/install/camera_detection/share/camera_detection/cmake/camera_detectionConfig.cmake
[2.082s] -- Installing: /home/caleb/Documents/robot_ws/install/camera_detection/share/camera_detection/cmake/camera_detectionConfig-version.cmake
[2.082s] -- Installing: /home/caleb/Documents/robot_ws/install/camera_detection/share/camera_detection/package.xml
[2.084s] Invoked command in '/home/caleb/Documents/robot_ws/build/camera_detection' returned '0': CMAKE_PREFIX_PATH=${CMAKE_PREFIX_PATH}:/home/caleb/Documents/robot_ws/install/robot_bridge:/home/caleb/Documents/robot_ws/install/camera_detection:/opt/ros/humble LD_LIBRARY_PATH=/home/caleb/Documents/robot_ws/install/camera_detection_interfaces/lib:/usr/lib/x86_64-linux-gnu/gazebo-11/plugins:/opt/ros/humble/opt/rviz_ogre_vendor/lib:/opt/ros/humble/lib/x86_64-linux-gnu:/opt/ros/humble/lib:/usr/share/gazebo/../../lib/x86_64-linux-gnu/gazebo-11/plugins /usr/bin/cmake --install /home/caleb/Documents/robot_ws/build/camera_detection
