[0.542s] Invoking command in '/home/caleb/Documents/robot_ws/src/camera_detection': LD_LIBRARY_PATH=/home/caleb/Documents/robot_ws/install/camera_detection_interfaces/lib:/usr/lib/x86_64-linux-gnu/gazebo-11/plugins:/opt/ros/humble/opt/rviz_ogre_vendor/lib:/opt/ros/humble/lib/x86_64-linux-gnu:/opt/ros/humble/lib:/usr/share/gazebo/../../lib/x86_64-linux-gnu/gazebo-11/plugins PYTHONPATH=/home/caleb/Documents/robot_ws/build/camera_detection/prefix_override:/usr/lib/python3/dist-packages/colcon_core/task/python/colcon_distutils_commands:/home/caleb/Documents/robot_ws/install/camera_detection/lib/python3.10/site-packages:${PYTHONPATH} /usr/bin/python3 -W ignore:setup.py install is deprecated -W ignore:easy_install command is deprecated setup.py egg_info --egg-base ../../build/camera_detection build --build-base /home/caleb/Documents/robot_ws/build/camera_detection/build install --record /home/caleb/Documents/robot_ws/build/camera_detection/install.log --single-version-externally-managed install_data
[0.728s] running egg_info
[0.728s] writing ../../build/camera_detection/camera_detection.egg-info/PKG-INFO
[0.728s] writing dependency_links to ../../build/camera_detection/camera_detection.egg-info/dependency_links.txt
[0.728s] writing entry points to ../../build/camera_detection/camera_detection.egg-info/entry_points.txt
[0.729s] writing requirements to ../../build/camera_detection/camera_detection.egg-info/requires.txt
[0.729s] writing top-level names to ../../build/camera_detection/camera_detection.egg-info/top_level.txt
[0.730s] reading manifest file '../../build/camera_detection/camera_detection.egg-info/SOURCES.txt'
[0.730s] writing manifest file '../../build/camera_detection/camera_detection.egg-info/SOURCES.txt'
[0.730s] running build
[0.730s] running build_py
[0.731s] running install
[0.731s] running install_lib
[0.732s] running install_data
[0.732s] running install_egg_info
[0.733s] removing '/home/caleb/Documents/robot_ws/install/camera_detection/lib/python3.10/site-packages/camera_detection-0.0.0-py3.10.egg-info' (and everything under it)
[0.734s] Copying ../../build/camera_detection/camera_detection.egg-info to /home/caleb/Documents/robot_ws/install/camera_detection/lib/python3.10/site-packages/camera_detection-0.0.0-py3.10.egg-info
[0.734s] running install_scripts
[0.750s] Installing detection_service script to /home/caleb/Documents/robot_ws/install/camera_detection/lib/camera_detection
[0.750s] writing list of installed files to '/home/caleb/Documents/robot_ws/build/camera_detection/install.log'
[0.769s] Invoked command in '/home/caleb/Documents/robot_ws/src/camera_detection' returned '0': LD_LIBRARY_PATH=/home/caleb/Documents/robot_ws/install/camera_detection_interfaces/lib:/usr/lib/x86_64-linux-gnu/gazebo-11/plugins:/opt/ros/humble/opt/rviz_ogre_vendor/lib:/opt/ros/humble/lib/x86_64-linux-gnu:/opt/ros/humble/lib:/usr/share/gazebo/../../lib/x86_64-linux-gnu/gazebo-11/plugins PYTHONPATH=/home/caleb/Documents/robot_ws/build/camera_detection/prefix_override:/usr/lib/python3/dist-packages/colcon_core/task/python/colcon_distutils_commands:/home/caleb/Documents/robot_ws/install/camera_detection/lib/python3.10/site-packages:${PYTHONPATH} /usr/bin/python3 -W ignore:setup.py install is deprecated -W ignore:easy_install command is deprecated setup.py egg_info --egg-base ../../build/camera_detection build --build-base /home/caleb/Documents/robot_ws/build/camera_detection/build install --record /home/caleb/Documents/robot_ws/build/camera_detection/install.log --single-version-externally-managed install_data
