[0.017s] Invoking command in '/home/caleb/Documents/robot_ws/camera_detection_interfaces/build/camera_detection_interfaces': CMAKE_PREFIX_PATH=/home/caleb/Documents/robot_ws/install/robot_bridge:/home/caleb/Documents/robot_ws/install/camera_detection:/opt/ros/humble /usr/bin/cmake /home/caleb/Documents/robot_ws/camera_detection_interfaces -DCMAKE_INSTALL_PREFIX=/home/caleb/Documents/robot_ws/camera_detection_interfaces/install/camera_detection_interfaces
[0.092s] -- The C compiler identification is GNU 11.4.0
[0.138s] -- The CXX compiler identification is GNU 11.4.0
[0.146s] -- Detecting C compiler ABI info
[0.206s] -- Detecting C compiler ABI info - done
[0.211s] -- Check for working C compiler: /usr/bin/cc - skipped
[0.211s] -- Detecting C compile features
[0.212s] -- Detecting C compile features - done
[0.215s] -- Detecting CXX compiler ABI info
[0.281s] -- Detecting CXX compiler ABI info - done
[0.286s] -- Check for working CXX compiler: /usr/bin/c++ - skipped
[0.286s] -- Detecting CXX compile features
[0.287s] -- Detecting CXX compile features - done
[0.292s] -- Found ament_cmake: 1.3.14 (/opt/ros/humble/share/ament_cmake/cmake)
[0.441s] -- Found Python3: /usr/bin/python3 (found version "3.10.12") found components: Interpreter 
[0.541s] -- Found rosidl_default_generators: 1.2.1 (/opt/ros/humble/share/rosidl_default_generators/cmake)
[0.545s] -- Using all available rosidl_typesupport_c: rosidl_typesupport_fastrtps_c;rosidl_typesupport_introspection_c
[0.554s] -- Found rosidl_adapter: 3.1.8 (/opt/ros/humble/share/rosidl_adapter/cmake)
[0.606s] -- Using all available rosidl_typesupport_cpp: rosidl_typesupport_fastrtps_cpp;rosidl_typesupport_introspection_cpp
[0.651s] -- Found rosidl_default_runtime: 1.2.1 (/opt/ros/humble/share/rosidl_default_runtime/cmake)
[0.654s] -- Found ament_lint_auto: 0.12.15 (/opt/ros/humble/share/ament_lint_auto/cmake)
[0.819s] [31mCMake Error at /opt/ros/humble/share/rosidl_cmake/cmake/rosidl_generate_interfaces.cmake:229 (message):
[0.819s]   Packages installing interfaces must include
[0.819s]   '<member_of_group>rosidl_interface_packages</member_of_group>' in their
[0.819s]   package.xml
[0.819s] Call Stack (most recent call first):
[0.819s]   CMakeLists.txt:25 (rosidl_generate_interfaces)
[0.819s] 
[0.819s] [0m
[0.819s] -- Configuring incomplete, errors occurred!
[0.819s] See also "/home/caleb/Documents/robot_ws/camera_detection_interfaces/build/camera_detection_interfaces/CMakeFiles/CMakeOutput.log".
[0.826s] Invoked command in '/home/caleb/Documents/robot_ws/camera_detection_interfaces/build/camera_detection_interfaces' returned '1': CMAKE_PREFIX_PATH=/home/caleb/Documents/robot_ws/install/robot_bridge:/home/caleb/Documents/robot_ws/install/camera_detection:/opt/ros/humble /usr/bin/cmake /home/caleb/Documents/robot_ws/camera_detection_interfaces -DCMAKE_INSTALL_PREFIX=/home/caleb/Documents/robot_ws/camera_detection_interfaces/install/camera_detection_interfaces
