[0.009s] Invoking command in '/home/caleb/Documents/robot_ws/build/camera_detection_interfaces': CMAKE_PREFIX_PATH=${CMAKE_PREFIX_PATH}:/home/caleb/Documents/robot_ws/install/robot_bridge:/opt/ros/humble /usr/bin/cmake /home/caleb/Documents/robot_ws/src/camera_detection_interfaces -DCMAKE_INSTALL_PREFIX=/home/caleb/Documents/robot_ws/install/camera_detection_interfaces
[0.052s] -- The C compiler identification is GNU 11.4.0
[0.094s] -- The CXX compiler identification is GNU 11.4.0
[0.100s] -- Detecting C compiler ABI info
[0.158s] -- Detecting C compiler ABI info - done
[0.163s] -- Check for working C compiler: /usr/bin/cc - skipped
[0.164s] -- Detecting C compile features
[0.164s] -- Detecting C compile features - done
[0.166s] -- Detecting CXX compiler ABI info
[0.232s] -- Detecting CXX compiler ABI info - done
[0.237s] -- Check for working CXX compiler: /usr/bin/c++ - skipped
[0.237s] -- Detecting CXX compile features
[0.237s] -- Detecting CXX compile features - done
[0.239s] -- Found rosidl_default_generators: 1.2.1 (/opt/ros/humble/share/rosidl_default_generators/cmake)
[0.241s] -- Found ament_cmake_core: 1.3.14 (/opt/ros/humble/share/ament_cmake_core/cmake)
[0.383s] -- Found Python3: /usr/bin/python3 (found version "3.10.12") found components: Interpreter 
[0.433s] -- Using all available rosidl_typesupport_c: rosidl_typesupport_fastrtps_c;rosidl_typesupport_introspection_c
[0.439s] -- Found rosidl_adapter: 3.1.8 (/opt/ros/humble/share/rosidl_adapter/cmake)
[0.497s] -- Using all available rosidl_typesupport_cpp: rosidl_typesupport_fastrtps_cpp;rosidl_typesupport_introspection_cpp
[0.724s] -- Found ament_cmake_ros: 0.10.0 (/opt/ros/humble/share/ament_cmake_ros/cmake)
[0.884s] -- Using all available rosidl_typesupport_c: rosidl_typesupport_fastrtps_c;rosidl_typesupport_introspection_c
[1.094s] -- Using all available rosidl_typesupport_cpp: rosidl_typesupport_fastrtps_cpp;rosidl_typesupport_introspection_cpp
[1.117s] -- Found PythonInterp: /usr/bin/python3 (found suitable version "3.10.12", minimum required is "3.6") 
[1.118s] -- Found python_cmake_module: 0.10.0 (/opt/ros/humble/share/python_cmake_module/cmake)
[1.143s] -- Found PythonLibs: /usr/lib/x86_64-linux-gnu/libpython3.10.so (found suitable version "3.10.12", minimum required is "3.5") 
[1.143s] -- Using PYTHON_EXECUTABLE: /usr/bin/python3
[1.143s] -- Using PYTHON_INCLUDE_DIRS: /usr/include/python3.10
[1.143s] -- Using PYTHON_LIBRARIES: /usr/lib/x86_64-linux-gnu/libpython3.10.so
[1.164s] -- Found PythonExtra: .so  
[1.251s] -- Configuring done
[1.275s] -- Generating done
[1.283s] -- Build files have been written to: /home/caleb/Documents/robot_ws/build/camera_detection_interfaces
[1.292s] Invoked command in '/home/caleb/Documents/robot_ws/build/camera_detection_interfaces' returned '0': CMAKE_PREFIX_PATH=${CMAKE_PREFIX_PATH}:/home/caleb/Documents/robot_ws/install/robot_bridge:/opt/ros/humble /usr/bin/cmake /home/caleb/Documents/robot_ws/src/camera_detection_interfaces -DCMAKE_INSTALL_PREFIX=/home/caleb/Documents/robot_ws/install/camera_detection_interfaces
[1.293s] Invoking command in '/home/caleb/Documents/robot_ws/build/camera_detection_interfaces': CMAKE_PREFIX_PATH=${CMAKE_PREFIX_PATH}:/home/caleb/Documents/robot_ws/install/robot_bridge:/opt/ros/humble /usr/bin/cmake --build /home/caleb/Documents/robot_ws/build/camera_detection_interfaces -- -j16 -l16
[1.328s] [  3%] [34m[1mGenerating C code for ROS interfaces[0m
[1.337s] [  6%] [34m[1mGenerating Rust code for ROS interfaces[0m
[1.337s] [  9%] [34m[1mGenerating C++ code for ROS interfaces[0m
[1.345s] [  9%] Built target ament_cmake_python_copy_camera_detection_interfaces
[1.492s] [  9%] Built target camera_detection_interfaces__rs
[1.526s] [ 12%] [32mBuilding C object CMakeFiles/camera_detection_interfaces__rosidl_generator_c.dir/rosidl_generator_c/camera_detection_interfaces/srv/detail/detect_pipe__functions.c.o[0m
[1.526s] [ 12%] Built target camera_detection_interfaces__cpp
[1.536s] [ 21%] [34m[1mGenerating C++ type support dispatch for ROS interfaces[0m
[1.536s] [ 21%] [34m[1mGenerating C++ introspection for ROS interfaces[0m
[1.536s] [ 21%] [34m[1mGenerating C++ type support for eProsima Fast-RTPS[0m
[1.538s] running egg_info
[1.538s] creating camera_detection_interfaces.egg-info
[1.539s] writing camera_detection_interfaces.egg-info/PKG-INFO
[1.539s] writing dependency_links to camera_detection_interfaces.egg-info/dependency_links.txt
[1.539s] writing top-level names to camera_detection_interfaces.egg-info/top_level.txt
[1.539s] writing manifest file 'camera_detection_interfaces.egg-info/SOURCES.txt'
[1.540s] reading manifest file 'camera_detection_interfaces.egg-info/SOURCES.txt'
[1.541s] writing manifest file 'camera_detection_interfaces.egg-info/SOURCES.txt'
[1.573s] [ 25%] [32m[1mLinking C shared library libcamera_detection_interfaces__rosidl_generator_c.so[0m
[1.574s] [ 25%] Built target ament_cmake_python_build_camera_detection_interfaces_egg
[1.606s] [ 25%] Built target camera_detection_interfaces__rosidl_generator_c
[1.616s] [ 34%] [34m[1mGenerating C introspection for ROS interfaces[0m
[1.616s] [ 34%] [34m[1mGenerating C type support dispatch for ROS interfaces[0m
[1.616s] [ 34%] [34m[1mGenerating C type support for eProsima Fast-RTPS[0m
[1.700s] [ 37%] [32mBuilding CXX object CMakeFiles/camera_detection_interfaces__rosidl_typesupport_cpp.dir/rosidl_typesupport_cpp/camera_detection_interfaces/srv/detect_pipe__type_support.cpp.o[0m
[1.725s] [ 40%] [32mBuilding CXX object CMakeFiles/camera_detection_interfaces__rosidl_typesupport_introspection_cpp.dir/rosidl_typesupport_introspection_cpp/camera_detection_interfaces/srv/detail/detect_pipe__type_support.cpp.o[0m
[1.734s] [ 43%] [32mBuilding CXX object CMakeFiles/camera_detection_interfaces__rosidl_typesupport_fastrtps_cpp.dir/rosidl_typesupport_fastrtps_cpp/camera_detection_interfaces/srv/detail/dds_fastrtps/detect_pipe__type_support.cpp.o[0m
[1.790s] [ 46%] [32mBuilding CXX object CMakeFiles/camera_detection_interfaces__rosidl_typesupport_c.dir/rosidl_typesupport_c/camera_detection_interfaces/srv/detect_pipe__type_support.cpp.o[0m
[1.813s] [ 50%] [32mBuilding CXX object CMakeFiles/camera_detection_interfaces__rosidl_typesupport_fastrtps_c.dir/rosidl_typesupport_fastrtps_c/camera_detection_interfaces/srv/detail/detect_pipe__type_support_c.cpp.o[0m
[1.819s] [ 53%] [32mBuilding C object CMakeFiles/camera_detection_interfaces__rosidl_typesupport_introspection_c.dir/rosidl_typesupport_introspection_c/camera_detection_interfaces/srv/detail/detect_pipe__type_support.c.o[0m
[1.823s] [ 56%] [32m[1mLinking CXX shared library libcamera_detection_interfaces__rosidl_typesupport_c.so[0m
[1.852s] [ 59%] [32m[1mLinking C shared library libcamera_detection_interfaces__rosidl_typesupport_introspection_c.so[0m
[1.861s] [ 59%] Built target camera_detection_interfaces__rosidl_typesupport_c
[1.882s] [ 59%] Built target camera_detection_interfaces__rosidl_typesupport_introspection_c
[1.917s] [ 62%] [32m[1mLinking CXX shared library libcamera_detection_interfaces__rosidl_typesupport_cpp.so[0m
[1.954s] [ 62%] Built target camera_detection_interfaces__rosidl_typesupport_cpp
[2.009s] [ 65%] [32m[1mLinking CXX shared library libcamera_detection_interfaces__rosidl_typesupport_introspection_cpp.so[0m
[2.047s] [ 68%] [32m[1mLinking CXX shared library libcamera_detection_interfaces__rosidl_typesupport_fastrtps_cpp.so[0m
[2.065s] [ 68%] Built target camera_detection_interfaces__rosidl_typesupport_introspection_cpp
[2.070s] [ 71%] [32m[1mLinking CXX shared library libcamera_detection_interfaces__rosidl_typesupport_fastrtps_c.so[0m
[2.111s] [ 71%] Built target camera_detection_interfaces__rosidl_typesupport_fastrtps_cpp
[2.133s] [ 71%] Built target camera_detection_interfaces__rosidl_typesupport_fastrtps_c
[2.152s] [ 71%] Built target camera_detection_interfaces
[2.170s] [ 75%] [34m[1mGenerating Python code for ROS interfaces[0m
[2.402s] [ 75%] Built target camera_detection_interfaces__py
[2.421s] [ 78%] [32mBuilding C object CMakeFiles/camera_detection_interfaces__rosidl_generator_py.dir/rosidl_generator_py/camera_detection_interfaces/srv/_detect_pipe_s.c.o[0m
[2.497s] [ 81%] [32m[1mLinking C shared library rosidl_generator_py/camera_detection_interfaces/libcamera_detection_interfaces__rosidl_generator_py.so[0m
[2.531s] [ 81%] Built target camera_detection_interfaces__rosidl_generator_py
[2.549s] [ 90%] [32mBuilding C object CMakeFiles/camera_detection_interfaces__rosidl_typesupport_introspection_c__pyext.dir/rosidl_generator_py/camera_detection_interfaces/_camera_detection_interfaces_s.ep.rosidl_typesupport_introspection_c.c.o[0m
[2.549s] [ 90%] [32mBuilding C object CMakeFiles/camera_detection_interfaces__rosidl_typesupport_c__pyext.dir/rosidl_generator_py/camera_detection_interfaces/_camera_detection_interfaces_s.ep.rosidl_typesupport_c.c.o[0m
[2.549s] [ 90%] [32mBuilding C object CMakeFiles/camera_detection_interfaces__rosidl_typesupport_fastrtps_c__pyext.dir/rosidl_generator_py/camera_detection_interfaces/_camera_detection_interfaces_s.ep.rosidl_typesupport_fastrtps_c.c.o[0m
[2.619s] [ 96%] [32m[1mLinking C shared library rosidl_generator_py/camera_detection_interfaces/camera_detection_interfaces_s__rosidl_typesupport_introspection_c.cpython-310-x86_64-linux-gnu.so[0m
[2.619s] [ 96%] [32m[1mLinking C shared library rosidl_generator_py/camera_detection_interfaces/camera_detection_interfaces_s__rosidl_typesupport_c.cpython-310-x86_64-linux-gnu.so[0m
[2.621s] [100%] [32m[1mLinking C shared library rosidl_generator_py/camera_detection_interfaces/camera_detection_interfaces_s__rosidl_typesupport_fastrtps_c.cpython-310-x86_64-linux-gnu.so[0m
[2.648s] [100%] Built target camera_detection_interfaces__rosidl_typesupport_introspection_c__pyext
[2.648s] [100%] Built target camera_detection_interfaces__rosidl_typesupport_c__pyext
[2.648s] [100%] Built target camera_detection_interfaces__rosidl_typesupport_fastrtps_c__pyext
[2.659s] Invoked command in '/home/caleb/Documents/robot_ws/build/camera_detection_interfaces' returned '0': CMAKE_PREFIX_PATH=${CMAKE_PREFIX_PATH}:/home/caleb/Documents/robot_ws/install/robot_bridge:/opt/ros/humble /usr/bin/cmake --build /home/caleb/Documents/robot_ws/build/camera_detection_interfaces -- -j16 -l16
[2.668s] Invoking command in '/home/caleb/Documents/robot_ws/build/camera_detection_interfaces': CMAKE_PREFIX_PATH=${CMAKE_PREFIX_PATH}:/home/caleb/Documents/robot_ws/install/robot_bridge:/opt/ros/humble /usr/bin/cmake --install /home/caleb/Documents/robot_ws/build/camera_detection_interfaces
[2.674s] -- Install configuration: ""
[2.674s] -- Installing: /home/caleb/Documents/robot_ws/install/camera_detection_interfaces/share/ament_index/resource_index/rosidl_interfaces/camera_detection_interfaces
[2.674s] -- Installing: /home/caleb/Documents/robot_ws/install/camera_detection_interfaces/include/camera_detection_interfaces/camera_detection_interfaces
[2.675s] -- Installing: /home/caleb/Documents/robot_ws/install/camera_detection_interfaces/include/camera_detection_interfaces/camera_detection_interfaces/srv
[2.675s] -- Installing: /home/caleb/Documents/robot_ws/install/camera_detection_interfaces/include/camera_detection_interfaces/camera_detection_interfaces/srv/detect_pipe.h
[2.675s] -- Installing: /home/caleb/Documents/robot_ws/install/camera_detection_interfaces/include/camera_detection_interfaces/camera_detection_interfaces/srv/detail
[2.675s] -- Installing: /home/caleb/Documents/robot_ws/install/camera_detection_interfaces/include/camera_detection_interfaces/camera_detection_interfaces/srv/detail/detect_pipe__functions.h
[2.675s] -- Installing: /home/caleb/Documents/robot_ws/install/camera_detection_interfaces/include/camera_detection_interfaces/camera_detection_interfaces/srv/detail/detect_pipe__struct.h
[2.675s] -- Installing: /home/caleb/Documents/robot_ws/install/camera_detection_interfaces/include/camera_detection_interfaces/camera_detection_interfaces/srv/detail/detect_pipe__functions.c
[2.675s] -- Installing: /home/caleb/Documents/robot_ws/install/camera_detection_interfaces/include/camera_detection_interfaces/camera_detection_interfaces/srv/detail/detect_pipe__type_support.h
[2.675s] -- Installing: /home/caleb/Documents/robot_ws/install/camera_detection_interfaces/include/camera_detection_interfaces/camera_detection_interfaces/msg
[2.675s] -- Installing: /home/caleb/Documents/robot_ws/install/camera_detection_interfaces/include/camera_detection_interfaces/camera_detection_interfaces/msg/rosidl_generator_c__visibility_control.h
[2.675s] -- Installing: /home/caleb/Documents/robot_ws/install/camera_detection_interfaces/share/camera_detection_interfaces/environment/library_path.sh
[2.676s] -- Installing: /home/caleb/Documents/robot_ws/install/camera_detection_interfaces/share/camera_detection_interfaces/environment/library_path.dsv
[2.676s] -- Installing: /home/caleb/Documents/robot_ws/install/camera_detection_interfaces/lib/libcamera_detection_interfaces__rosidl_generator_c.so
[2.676s] -- Set runtime path of "/home/caleb/Documents/robot_ws/install/camera_detection_interfaces/lib/libcamera_detection_interfaces__rosidl_generator_c.so" to ""
[2.676s] -- Up-to-date: /home/caleb/Documents/robot_ws/install/camera_detection_interfaces/include/camera_detection_interfaces/camera_detection_interfaces
[2.676s] -- Up-to-date: /home/caleb/Documents/robot_ws/install/camera_detection_interfaces/include/camera_detection_interfaces/camera_detection_interfaces/srv
[2.676s] -- Up-to-date: /home/caleb/Documents/robot_ws/install/camera_detection_interfaces/include/camera_detection_interfaces/camera_detection_interfaces/srv/detail
[2.676s] -- Installing: /home/caleb/Documents/robot_ws/install/camera_detection_interfaces/include/camera_detection_interfaces/camera_detection_interfaces/srv/detail/detect_pipe__rosidl_typesupport_fastrtps_c.h
[2.676s] -- Up-to-date: /home/caleb/Documents/robot_ws/install/camera_detection_interfaces/include/camera_detection_interfaces/camera_detection_interfaces/msg
[2.677s] -- Installing: /home/caleb/Documents/robot_ws/install/camera_detection_interfaces/include/camera_detection_interfaces/camera_detection_interfaces/msg/rosidl_typesupport_fastrtps_c__visibility_control.h
[2.677s] -- Installing: /home/caleb/Documents/robot_ws/install/camera_detection_interfaces/lib/libcamera_detection_interfaces__rosidl_typesupport_fastrtps_c.so
[2.677s] -- Set runtime path of "/home/caleb/Documents/robot_ws/install/camera_detection_interfaces/lib/libcamera_detection_interfaces__rosidl_typesupport_fastrtps_c.so" to ""
[2.677s] -- Up-to-date: /home/caleb/Documents/robot_ws/install/camera_detection_interfaces/include/camera_detection_interfaces/camera_detection_interfaces
[2.677s] -- Up-to-date: /home/caleb/Documents/robot_ws/install/camera_detection_interfaces/include/camera_detection_interfaces/camera_detection_interfaces/srv
[2.677s] -- Up-to-date: /home/caleb/Documents/robot_ws/install/camera_detection_interfaces/include/camera_detection_interfaces/camera_detection_interfaces/srv/detail
[2.677s] -- Installing: /home/caleb/Documents/robot_ws/install/camera_detection_interfaces/include/camera_detection_interfaces/camera_detection_interfaces/srv/detail/detect_pipe__rosidl_typesupport_introspection_c.h
[2.677s] -- Installing: /home/caleb/Documents/robot_ws/install/camera_detection_interfaces/include/camera_detection_interfaces/camera_detection_interfaces/srv/detail/detect_pipe__type_support.c
[2.677s] -- Up-to-date: /home/caleb/Documents/robot_ws/install/camera_detection_interfaces/include/camera_detection_interfaces/camera_detection_interfaces/msg
[2.677s] -- Installing: /home/caleb/Documents/robot_ws/install/camera_detection_interfaces/include/camera_detection_interfaces/camera_detection_interfaces/msg/rosidl_typesupport_introspection_c__visibility_control.h
[2.678s] -- Installing: /home/caleb/Documents/robot_ws/install/camera_detection_interfaces/lib/libcamera_detection_interfaces__rosidl_typesupport_introspection_c.so
[2.678s] -- Set runtime path of "/home/caleb/Documents/robot_ws/install/camera_detection_interfaces/lib/libcamera_detection_interfaces__rosidl_typesupport_introspection_c.so" to ""
[2.678s] -- Installing: /home/caleb/Documents/robot_ws/install/camera_detection_interfaces/lib/libcamera_detection_interfaces__rosidl_typesupport_c.so
[2.678s] -- Set runtime path of "/home/caleb/Documents/robot_ws/install/camera_detection_interfaces/lib/libcamera_detection_interfaces__rosidl_typesupport_c.so" to ""
[2.678s] -- Up-to-date: /home/caleb/Documents/robot_ws/install/camera_detection_interfaces/include/camera_detection_interfaces/camera_detection_interfaces
[2.678s] -- Up-to-date: /home/caleb/Documents/robot_ws/install/camera_detection_interfaces/include/camera_detection_interfaces/camera_detection_interfaces/srv
[2.679s] -- Installing: /home/caleb/Documents/robot_ws/install/camera_detection_interfaces/include/camera_detection_interfaces/camera_detection_interfaces/srv/detect_pipe.hpp
[2.679s] -- Up-to-date: /home/caleb/Documents/robot_ws/install/camera_detection_interfaces/include/camera_detection_interfaces/camera_detection_interfaces/srv/detail
[2.679s] -- Installing: /home/caleb/Documents/robot_ws/install/camera_detection_interfaces/include/camera_detection_interfaces/camera_detection_interfaces/srv/detail/detect_pipe__traits.hpp
[2.679s] -- Installing: /home/caleb/Documents/robot_ws/install/camera_detection_interfaces/include/camera_detection_interfaces/camera_detection_interfaces/srv/detail/detect_pipe__builder.hpp
[2.679s] -- Installing: /home/caleb/Documents/robot_ws/install/camera_detection_interfaces/include/camera_detection_interfaces/camera_detection_interfaces/srv/detail/detect_pipe__type_support.hpp
[2.679s] -- Installing: /home/caleb/Documents/robot_ws/install/camera_detection_interfaces/include/camera_detection_interfaces/camera_detection_interfaces/srv/detail/detect_pipe__struct.hpp
[2.679s] -- Up-to-date: /home/caleb/Documents/robot_ws/install/camera_detection_interfaces/include/camera_detection_interfaces/camera_detection_interfaces/msg
[2.679s] -- Installing: /home/caleb/Documents/robot_ws/install/camera_detection_interfaces/include/camera_detection_interfaces/camera_detection_interfaces/msg/rosidl_generator_cpp__visibility_control.hpp
[2.679s] -- Up-to-date: /home/caleb/Documents/robot_ws/install/camera_detection_interfaces/include/camera_detection_interfaces/camera_detection_interfaces
[2.679s] -- Up-to-date: /home/caleb/Documents/robot_ws/install/camera_detection_interfaces/include/camera_detection_interfaces/camera_detection_interfaces/srv
[2.679s] -- Up-to-date: /home/caleb/Documents/robot_ws/install/camera_detection_interfaces/include/camera_detection_interfaces/camera_detection_interfaces/srv/detail
[2.679s] -- Installing: /home/caleb/Documents/robot_ws/install/camera_detection_interfaces/include/camera_detection_interfaces/camera_detection_interfaces/srv/detail/detect_pipe__rosidl_typesupport_fastrtps_cpp.hpp
[2.679s] -- Installing: /home/caleb/Documents/robot_ws/install/camera_detection_interfaces/include/camera_detection_interfaces/camera_detection_interfaces/srv/detail/dds_fastrtps
[2.680s] -- Up-to-date: /home/caleb/Documents/robot_ws/install/camera_detection_interfaces/include/camera_detection_interfaces/camera_detection_interfaces/msg
[2.680s] -- Installing: /home/caleb/Documents/robot_ws/install/camera_detection_interfaces/include/camera_detection_interfaces/camera_detection_interfaces/msg/rosidl_typesupport_fastrtps_cpp__visibility_control.h
[2.680s] -- Installing: /home/caleb/Documents/robot_ws/install/camera_detection_interfaces/lib/libcamera_detection_interfaces__rosidl_typesupport_fastrtps_cpp.so
[2.680s] -- Set runtime path of "/home/caleb/Documents/robot_ws/install/camera_detection_interfaces/lib/libcamera_detection_interfaces__rosidl_typesupport_fastrtps_cpp.so" to ""
[2.680s] -- Up-to-date: /home/caleb/Documents/robot_ws/install/camera_detection_interfaces/include/camera_detection_interfaces/camera_detection_interfaces
[2.680s] -- Up-to-date: /home/caleb/Documents/robot_ws/install/camera_detection_interfaces/include/camera_detection_interfaces/camera_detection_interfaces/srv
[2.680s] -- Up-to-date: /home/caleb/Documents/robot_ws/install/camera_detection_interfaces/include/camera_detection_interfaces/camera_detection_interfaces/srv/detail
[2.680s] -- Installing: /home/caleb/Documents/robot_ws/install/camera_detection_interfaces/include/camera_detection_interfaces/camera_detection_interfaces/srv/detail/detect_pipe__rosidl_typesupport_introspection_cpp.hpp
[2.680s] -- Installing: /home/caleb/Documents/robot_ws/install/camera_detection_interfaces/include/camera_detection_interfaces/camera_detection_interfaces/srv/detail/detect_pipe__type_support.cpp
[2.680s] -- Installing: /home/caleb/Documents/robot_ws/install/camera_detection_interfaces/lib/libcamera_detection_interfaces__rosidl_typesupport_introspection_cpp.so
[2.681s] -- Set runtime path of "/home/caleb/Documents/robot_ws/install/camera_detection_interfaces/lib/libcamera_detection_interfaces__rosidl_typesupport_introspection_cpp.so" to ""
[2.681s] -- Installing: /home/caleb/Documents/robot_ws/install/camera_detection_interfaces/lib/libcamera_detection_interfaces__rosidl_typesupport_cpp.so
[2.681s] -- Set runtime path of "/home/caleb/Documents/robot_ws/install/camera_detection_interfaces/lib/libcamera_detection_interfaces__rosidl_typesupport_cpp.so" to ""
[2.681s] -- Installing: /home/caleb/Documents/robot_ws/install/camera_detection_interfaces/share/camera_detection_interfaces/environment/pythonpath.sh
[2.681s] -- Installing: /home/caleb/Documents/robot_ws/install/camera_detection_interfaces/share/camera_detection_interfaces/environment/pythonpath.dsv
[2.681s] -- Installing: /home/caleb/Documents/robot_ws/install/camera_detection_interfaces/local/lib/python3.10/dist-packages/camera_detection_interfaces-0.0.1-py3.10.egg-info
[2.681s] -- Installing: /home/caleb/Documents/robot_ws/install/camera_detection_interfaces/local/lib/python3.10/dist-packages/camera_detection_interfaces-0.0.1-py3.10.egg-info/dependency_links.txt
[2.681s] -- Installing: /home/caleb/Documents/robot_ws/install/camera_detection_interfaces/local/lib/python3.10/dist-packages/camera_detection_interfaces-0.0.1-py3.10.egg-info/top_level.txt
[2.682s] -- Installing: /home/caleb/Documents/robot_ws/install/camera_detection_interfaces/local/lib/python3.10/dist-packages/camera_detection_interfaces-0.0.1-py3.10.egg-info/PKG-INFO
[2.682s] -- Installing: /home/caleb/Documents/robot_ws/install/camera_detection_interfaces/local/lib/python3.10/dist-packages/camera_detection_interfaces-0.0.1-py3.10.egg-info/SOURCES.txt
[2.682s] -- Installing: /home/caleb/Documents/robot_ws/install/camera_detection_interfaces/local/lib/python3.10/dist-packages/camera_detection_interfaces
[2.682s] -- Installing: /home/caleb/Documents/robot_ws/install/camera_detection_interfaces/local/lib/python3.10/dist-packages/camera_detection_interfaces/__init__.py
[2.682s] -- Installing: /home/caleb/Documents/robot_ws/install/camera_detection_interfaces/local/lib/python3.10/dist-packages/camera_detection_interfaces/_camera_detection_interfaces_s.ep.rosidl_typesupport_fastrtps_c.c
[2.682s] -- Installing: /home/caleb/Documents/robot_ws/install/camera_detection_interfaces/local/lib/python3.10/dist-packages/camera_detection_interfaces/_camera_detection_interfaces_s.ep.rosidl_typesupport_c.c
[2.682s] -- Installing: /home/caleb/Documents/robot_ws/install/camera_detection_interfaces/local/lib/python3.10/dist-packages/camera_detection_interfaces/srv
[2.682s] -- Installing: /home/caleb/Documents/robot_ws/install/camera_detection_interfaces/local/lib/python3.10/dist-packages/camera_detection_interfaces/srv/__init__.py
[2.682s] -- Installing: /home/caleb/Documents/robot_ws/install/camera_detection_interfaces/local/lib/python3.10/dist-packages/camera_detection_interfaces/srv/_detect_pipe_s.c
[2.683s] -- Installing: /home/caleb/Documents/robot_ws/install/camera_detection_interfaces/local/lib/python3.10/dist-packages/camera_detection_interfaces/srv/_detect_pipe.py
[2.683s] -- Installing: /home/caleb/Documents/robot_ws/install/camera_detection_interfaces/local/lib/python3.10/dist-packages/camera_detection_interfaces/camera_detection_interfaces_s__rosidl_typesupport_fastrtps_c.cpython-310-x86_64-linux-gnu.so
[2.683s] -- Installing: /home/caleb/Documents/robot_ws/install/camera_detection_interfaces/local/lib/python3.10/dist-packages/camera_detection_interfaces/camera_detection_interfaces_s__rosidl_typesupport_c.cpython-310-x86_64-linux-gnu.so
[2.683s] -- Installing: /home/caleb/Documents/robot_ws/install/camera_detection_interfaces/local/lib/python3.10/dist-packages/camera_detection_interfaces/_camera_detection_interfaces_s.ep.rosidl_typesupport_introspection_c.c
[2.683s] -- Installing: /home/caleb/Documents/robot_ws/install/camera_detection_interfaces/local/lib/python3.10/dist-packages/camera_detection_interfaces/camera_detection_interfaces_s__rosidl_typesupport_introspection_c.cpython-310-x86_64-linux-gnu.so
[2.683s] -- Installing: /home/caleb/Documents/robot_ws/install/camera_detection_interfaces/local/lib/python3.10/dist-packages/camera_detection_interfaces/libcamera_detection_interfaces__rosidl_generator_py.so
[2.709s] Listing '/home/caleb/Documents/robot_ws/install/camera_detection_interfaces/local/lib/python3.10/dist-packages/camera_detection_interfaces'...
[2.709s] Compiling '/home/caleb/Documents/robot_ws/install/camera_detection_interfaces/local/lib/python3.10/dist-packages/camera_detection_interfaces/__init__.py'...
[2.709s] Listing '/home/caleb/Documents/robot_ws/install/camera_detection_interfaces/local/lib/python3.10/dist-packages/camera_detection_interfaces/srv'...
[2.710s] Compiling '/home/caleb/Documents/robot_ws/install/camera_detection_interfaces/local/lib/python3.10/dist-packages/camera_detection_interfaces/srv/__init__.py'...
[2.710s] Compiling '/home/caleb/Documents/robot_ws/install/camera_detection_interfaces/local/lib/python3.10/dist-packages/camera_detection_interfaces/srv/_detect_pipe.py'...
[2.713s] -- Installing: /home/caleb/Documents/robot_ws/install/camera_detection_interfaces/local/lib/python3.10/dist-packages/camera_detection_interfaces/camera_detection_interfaces_s__rosidl_typesupport_fastrtps_c.cpython-310-x86_64-linux-gnu.so
[2.713s] -- Set runtime path of "/home/caleb/Documents/robot_ws/install/camera_detection_interfaces/local/lib/python3.10/dist-packages/camera_detection_interfaces/camera_detection_interfaces_s__rosidl_typesupport_fastrtps_c.cpython-310-x86_64-linux-gnu.so" to ""
[2.713s] -- Installing: /home/caleb/Documents/robot_ws/install/camera_detection_interfaces/local/lib/python3.10/dist-packages/camera_detection_interfaces/camera_detection_interfaces_s__rosidl_typesupport_introspection_c.cpython-310-x86_64-linux-gnu.so
[2.714s] -- Set runtime path of "/home/caleb/Documents/robot_ws/install/camera_detection_interfaces/local/lib/python3.10/dist-packages/camera_detection_interfaces/camera_detection_interfaces_s__rosidl_typesupport_introspection_c.cpython-310-x86_64-linux-gnu.so" to ""
[2.714s] -- Installing: /home/caleb/Documents/robot_ws/install/camera_detection_interfaces/local/lib/python3.10/dist-packages/camera_detection_interfaces/camera_detection_interfaces_s__rosidl_typesupport_c.cpython-310-x86_64-linux-gnu.so
[2.714s] -- Set runtime path of "/home/caleb/Documents/robot_ws/install/camera_detection_interfaces/local/lib/python3.10/dist-packages/camera_detection_interfaces/camera_detection_interfaces_s__rosidl_typesupport_c.cpython-310-x86_64-linux-gnu.so" to ""
[2.714s] -- Installing: /home/caleb/Documents/robot_ws/install/camera_detection_interfaces/lib/libcamera_detection_interfaces__rosidl_generator_py.so
[2.715s] -- Set runtime path of "/home/caleb/Documents/robot_ws/install/camera_detection_interfaces/lib/libcamera_detection_interfaces__rosidl_generator_py.so" to ""
[2.715s] -- Installing: /home/caleb/Documents/robot_ws/install/camera_detection_interfaces/share/ament_index/resource_index/rust_packages/camera_detection_interfaces
[2.715s] -- Installing: /home/caleb/Documents/robot_ws/install/camera_detection_interfaces/share/camera_detection_interfaces/rust
[2.715s] -- Installing: /home/caleb/Documents/robot_ws/install/camera_detection_interfaces/share/camera_detection_interfaces/rust/src
[2.715s] -- Installing: /home/caleb/Documents/robot_ws/install/camera_detection_interfaces/share/camera_detection_interfaces/rust/src/srv
[2.715s] -- Installing: /home/caleb/Documents/robot_ws/install/camera_detection_interfaces/share/camera_detection_interfaces/rust/src/srv/rmw.rs
[2.715s] -- Installing: /home/caleb/Documents/robot_ws/install/camera_detection_interfaces/share/camera_detection_interfaces/rust/src/srv.rs
[2.715s] -- Installing: /home/caleb/Documents/robot_ws/install/camera_detection_interfaces/share/camera_detection_interfaces/rust/src/lib.rs
[2.715s] -- Installing: /home/caleb/Documents/robot_ws/install/camera_detection_interfaces/share/camera_detection_interfaces/rust/Cargo.toml
[2.715s] -- Installing: /home/caleb/Documents/robot_ws/install/camera_detection_interfaces/share/camera_detection_interfaces/rust/build.rs
[2.716s] -- Installing: /home/caleb/Documents/robot_ws/install/camera_detection_interfaces/share/camera_detection_interfaces/srv/DetectPipe.idl
[2.716s] -- Installing: /home/caleb/Documents/robot_ws/install/camera_detection_interfaces/share/camera_detection_interfaces/srv/DetectPipe.srv
[2.716s] -- Installing: /home/caleb/Documents/robot_ws/install/camera_detection_interfaces/share/camera_detection_interfaces/srv/DetectPipe_Request.msg
[2.716s] -- Installing: /home/caleb/Documents/robot_ws/install/camera_detection_interfaces/share/camera_detection_interfaces/srv/DetectPipe_Response.msg
[2.716s] -- Installing: /home/caleb/Documents/robot_ws/install/camera_detection_interfaces/share/ament_index/resource_index/package_run_dependencies/camera_detection_interfaces
[2.716s] -- Installing: /home/caleb/Documents/robot_ws/install/camera_detection_interfaces/share/ament_index/resource_index/parent_prefix_path/camera_detection_interfaces
[2.716s] -- Installing: /home/caleb/Documents/robot_ws/install/camera_detection_interfaces/share/camera_detection_interfaces/environment/ament_prefix_path.sh
[2.716s] -- Installing: /home/caleb/Documents/robot_ws/install/camera_detection_interfaces/share/camera_detection_interfaces/environment/ament_prefix_path.dsv
[2.717s] -- Installing: /home/caleb/Documents/robot_ws/install/camera_detection_interfaces/share/camera_detection_interfaces/environment/path.sh
[2.717s] -- Installing: /home/caleb/Documents/robot_ws/install/camera_detection_interfaces/share/camera_detection_interfaces/environment/path.dsv
[2.717s] -- Installing: /home/caleb/Documents/robot_ws/install/camera_detection_interfaces/share/camera_detection_interfaces/local_setup.bash
[2.717s] -- Installing: /home/caleb/Documents/robot_ws/install/camera_detection_interfaces/share/camera_detection_interfaces/local_setup.sh
[2.717s] -- Installing: /home/caleb/Documents/robot_ws/install/camera_detection_interfaces/share/camera_detection_interfaces/local_setup.zsh
[2.717s] -- Installing: /home/caleb/Documents/robot_ws/install/camera_detection_interfaces/share/camera_detection_interfaces/local_setup.dsv
[2.717s] -- Installing: /home/caleb/Documents/robot_ws/install/camera_detection_interfaces/share/camera_detection_interfaces/package.dsv
[2.717s] -- Installing: /home/caleb/Documents/robot_ws/install/camera_detection_interfaces/share/ament_index/resource_index/packages/camera_detection_interfaces
[2.718s] -- Installing: /home/caleb/Documents/robot_ws/install/camera_detection_interfaces/share/camera_detection_interfaces/cmake/export_camera_detection_interfaces__rosidl_generator_cExport.cmake
[2.718s] -- Installing: /home/caleb/Documents/robot_ws/install/camera_detection_interfaces/share/camera_detection_interfaces/cmake/export_camera_detection_interfaces__rosidl_generator_cExport-noconfig.cmake
[2.718s] -- Installing: /home/caleb/Documents/robot_ws/install/camera_detection_interfaces/share/camera_detection_interfaces/cmake/export_camera_detection_interfaces__rosidl_typesupport_fastrtps_cExport.cmake
[2.718s] -- Installing: /home/caleb/Documents/robot_ws/install/camera_detection_interfaces/share/camera_detection_interfaces/cmake/export_camera_detection_interfaces__rosidl_typesupport_fastrtps_cExport-noconfig.cmake
[2.718s] -- Installing: /home/caleb/Documents/robot_ws/install/camera_detection_interfaces/share/camera_detection_interfaces/cmake/camera_detection_interfaces__rosidl_typesupport_introspection_cExport.cmake
[2.718s] -- Installing: /home/caleb/Documents/robot_ws/install/camera_detection_interfaces/share/camera_detection_interfaces/cmake/camera_detection_interfaces__rosidl_typesupport_introspection_cExport-noconfig.cmake
[2.718s] -- Installing: /home/caleb/Documents/robot_ws/install/camera_detection_interfaces/share/camera_detection_interfaces/cmake/camera_detection_interfaces__rosidl_typesupport_cExport.cmake
[2.719s] -- Installing: /home/caleb/Documents/robot_ws/install/camera_detection_interfaces/share/camera_detection_interfaces/cmake/camera_detection_interfaces__rosidl_typesupport_cExport-noconfig.cmake
[2.719s] -- Installing: /home/caleb/Documents/robot_ws/install/camera_detection_interfaces/share/camera_detection_interfaces/cmake/export_camera_detection_interfaces__rosidl_generator_cppExport.cmake
[2.719s] -- Installing: /home/caleb/Documents/robot_ws/install/camera_detection_interfaces/share/camera_detection_interfaces/cmake/export_camera_detection_interfaces__rosidl_typesupport_fastrtps_cppExport.cmake
[2.719s] -- Installing: /home/caleb/Documents/robot_ws/install/camera_detection_interfaces/share/camera_detection_interfaces/cmake/export_camera_detection_interfaces__rosidl_typesupport_fastrtps_cppExport-noconfig.cmake
[2.719s] -- Installing: /home/caleb/Documents/robot_ws/install/camera_detection_interfaces/share/camera_detection_interfaces/cmake/camera_detection_interfaces__rosidl_typesupport_introspection_cppExport.cmake
[2.719s] -- Installing: /home/caleb/Documents/robot_ws/install/camera_detection_interfaces/share/camera_detection_interfaces/cmake/camera_detection_interfaces__rosidl_typesupport_introspection_cppExport-noconfig.cmake
[2.719s] -- Installing: /home/caleb/Documents/robot_ws/install/camera_detection_interfaces/share/camera_detection_interfaces/cmake/camera_detection_interfaces__rosidl_typesupport_cppExport.cmake
[2.719s] -- Installing: /home/caleb/Documents/robot_ws/install/camera_detection_interfaces/share/camera_detection_interfaces/cmake/camera_detection_interfaces__rosidl_typesupport_cppExport-noconfig.cmake
[2.720s] -- Installing: /home/caleb/Documents/robot_ws/install/camera_detection_interfaces/share/camera_detection_interfaces/cmake/export_camera_detection_interfaces__rosidl_generator_pyExport.cmake
[2.720s] -- Installing: /home/caleb/Documents/robot_ws/install/camera_detection_interfaces/share/camera_detection_interfaces/cmake/export_camera_detection_interfaces__rosidl_generator_pyExport-noconfig.cmake
[2.720s] -- Installing: /home/caleb/Documents/robot_ws/install/camera_detection_interfaces/share/camera_detection_interfaces/cmake/rosidl_cmake-extras.cmake
[2.720s] -- Installing: /home/caleb/Documents/robot_ws/install/camera_detection_interfaces/share/camera_detection_interfaces/cmake/ament_cmake_export_include_directories-extras.cmake
[2.720s] -- Installing: /home/caleb/Documents/robot_ws/install/camera_detection_interfaces/share/camera_detection_interfaces/cmake/ament_cmake_export_libraries-extras.cmake
[2.720s] -- Installing: /home/caleb/Documents/robot_ws/install/camera_detection_interfaces/share/camera_detection_interfaces/cmake/ament_cmake_export_targets-extras.cmake
[2.720s] -- Installing: /home/caleb/Documents/robot_ws/install/camera_detection_interfaces/share/camera_detection_interfaces/cmake/rosidl_cmake_export_typesupport_targets-extras.cmake
[2.720s] -- Installing: /home/caleb/Documents/robot_ws/install/camera_detection_interfaces/share/camera_detection_interfaces/cmake/ament_cmake_export_dependencies-extras.cmake
[2.721s] -- Installing: /home/caleb/Documents/robot_ws/install/camera_detection_interfaces/share/camera_detection_interfaces/cmake/rosidl_cmake_export_typesupport_libraries-extras.cmake
[2.721s] -- Installing: /home/caleb/Documents/robot_ws/install/camera_detection_interfaces/share/camera_detection_interfaces/cmake/camera_detection_interfacesConfig.cmake
[2.721s] -- Installing: /home/caleb/Documents/robot_ws/install/camera_detection_interfaces/share/camera_detection_interfaces/cmake/camera_detection_interfacesConfig-version.cmake
[2.721s] -- Installing: /home/caleb/Documents/robot_ws/install/camera_detection_interfaces/share/camera_detection_interfaces/package.xml
[2.724s] Invoked command in '/home/caleb/Documents/robot_ws/build/camera_detection_interfaces' returned '0': CMAKE_PREFIX_PATH=${CMAKE_PREFIX_PATH}:/home/caleb/Documents/robot_ws/install/robot_bridge:/opt/ros/humble /usr/bin/cmake --install /home/caleb/Documents/robot_ws/build/camera_detection_interfaces
