running egg_info
writing ../../build/camera_detection/camera_detection.egg-info/PKG-INFO
writing dependency_links to ../../build/camera_detection/camera_detection.egg-info/dependency_links.txt
writing entry points to ../../build/camera_detection/camera_detection.egg-info/entry_points.txt
writing requirements to ../../build/camera_detection/camera_detection.egg-info/requires.txt
writing top-level names to ../../build/camera_detection/camera_detection.egg-info/top_level.txt
reading manifest file '../../build/camera_detection/camera_detection.egg-info/SOURCES.txt'
writing manifest file '../../build/camera_detection/camera_detection.egg-info/SOURCES.txt'
running build
running build_py
copying camera_detection/detection_service.py -> /home/caleb/Documents/robot_ws/build/camera_detection/build/lib/camera_detection
running install
running install_lib
copying /home/caleb/Documents/robot_ws/build/camera_detection/build/lib/camera_detection/detection_service.py -> /home/caleb/Documents/robot_ws/install/camera_detection/lib/python3.10/site-packages/camera_detection
byte-compiling /home/caleb/Documents/robot_ws/install/camera_detection/lib/python3.10/site-packages/camera_detection/detection_service.py to detection_service.cpython-310.pyc
running install_data
copying package.xml -> /home/caleb/Documents/robot_ws/install/camera_detection/share/camera_detection
running install_egg_info
removing '/home/caleb/Documents/robot_ws/install/camera_detection/lib/python3.10/site-packages/camera_detection-0.0.0-py3.10.egg-info' (and everything under it)
Copying ../../build/camera_detection/camera_detection.egg-info to /home/caleb/Documents/robot_ws/install/camera_detection/lib/python3.10/site-packages/camera_detection-0.0.0-py3.10.egg-info
running install_scripts
Installing detection_service script to /home/caleb/Documents/robot_ws/install/camera_detection/lib/camera_detection
writing list of installed files to '/home/caleb/Documents/robot_ws/build/camera_detection/install.log'
