[0.543s] Invoking command in '/home/caleb/Documents/robot_ws/src/camera_detection': AMENT_PREFIX_PATH=/home/caleb/Documents/robot_ws/install/camera_detection_interfaces:${AMENT_PREFIX_PATH} CMAKE_PREFIX_PATH=/home/caleb/Documents/robot_ws/install/camera_detection_interfaces LD_LIBRARY_PATH=/home/caleb/Documents/robot_ws/install/camera_detection_interfaces/lib:/usr/lib/x86_64-linux-gnu/gazebo-11/plugins:/opt/ros/humble/opt/rviz_ogre_vendor/lib:/opt/ros/humble/lib/x86_64-linux-gnu:/opt/ros/humble/lib:/usr/share/gazebo/../../lib/x86_64-linux-gnu/gazebo-11/plugins PYTHONPATH=/home/caleb/Documents/robot_ws/build/camera_detection/prefix_override:/usr/lib/python3/dist-packages/colcon_core/task/python/colcon_distutils_commands:/home/caleb/Documents/robot_ws/install/camera_detection/lib/python3.10/site-packages:/home/caleb/Documents/robot_ws/install/camera_detection_interfaces/local/lib/python3.10/dist-packages:${PYTHONPATH} /usr/bin/python3 -W ignore:setup.py install is deprecated -W ignore:easy_install command is deprecated setup.py egg_info --egg-base ../../build/camera_detection build --build-base /home/caleb/Documents/robot_ws/build/camera_detection/build install --record /home/caleb/Documents/robot_ws/build/camera_detection/install.log --single-version-externally-managed install_data
[0.730s] running egg_info
[0.730s] writing ../../build/camera_detection/camera_detection.egg-info/PKG-INFO
[0.730s] writing dependency_links to ../../build/camera_detection/camera_detection.egg-info/dependency_links.txt
[0.731s] writing entry points to ../../build/camera_detection/camera_detection.egg-info/entry_points.txt
[0.731s] writing requirements to ../../build/camera_detection/camera_detection.egg-info/requires.txt
[0.731s] writing top-level names to ../../build/camera_detection/camera_detection.egg-info/top_level.txt
[0.732s] reading manifest file '../../build/camera_detection/camera_detection.egg-info/SOURCES.txt'
[0.732s] writing manifest file '../../build/camera_detection/camera_detection.egg-info/SOURCES.txt'
[0.733s] running build
[0.733s] running build_py
[0.733s] copying camera_detection/detection_service.py -> /home/caleb/Documents/robot_ws/build/camera_detection/build/lib/camera_detection
[0.733s] running install
[0.733s] running install_lib
[0.734s] copying /home/caleb/Documents/robot_ws/build/camera_detection/build/lib/camera_detection/detection_service.py -> /home/caleb/Documents/robot_ws/install/camera_detection/lib/python3.10/site-packages/camera_detection
[0.734s] byte-compiling /home/caleb/Documents/robot_ws/install/camera_detection/lib/python3.10/site-packages/camera_detection/detection_service.py to detection_service.cpython-310.pyc
[0.736s] running install_data
[0.736s] copying package.xml -> /home/caleb/Documents/robot_ws/install/camera_detection/share/camera_detection
[0.736s] running install_egg_info
[0.737s] removing '/home/caleb/Documents/robot_ws/install/camera_detection/lib/python3.10/site-packages/camera_detection-0.0.0-py3.10.egg-info' (and everything under it)
[0.737s] Copying ../../build/camera_detection/camera_detection.egg-info to /home/caleb/Documents/robot_ws/install/camera_detection/lib/python3.10/site-packages/camera_detection-0.0.0-py3.10.egg-info
[0.738s] running install_scripts
[0.752s] Installing detection_service script to /home/caleb/Documents/robot_ws/install/camera_detection/lib/camera_detection
[0.753s] writing list of installed files to '/home/caleb/Documents/robot_ws/build/camera_detection/install.log'
[0.772s] Invoked command in '/home/caleb/Documents/robot_ws/src/camera_detection' returned '0': AMENT_PREFIX_PATH=/home/caleb/Documents/robot_ws/install/camera_detection_interfaces:${AMENT_PREFIX_PATH} CMAKE_PREFIX_PATH=/home/caleb/Documents/robot_ws/install/camera_detection_interfaces LD_LIBRARY_PATH=/home/caleb/Documents/robot_ws/install/camera_detection_interfaces/lib:/usr/lib/x86_64-linux-gnu/gazebo-11/plugins:/opt/ros/humble/opt/rviz_ogre_vendor/lib:/opt/ros/humble/lib/x86_64-linux-gnu:/opt/ros/humble/lib:/usr/share/gazebo/../../lib/x86_64-linux-gnu/gazebo-11/plugins PYTHONPATH=/home/caleb/Documents/robot_ws/build/camera_detection/prefix_override:/usr/lib/python3/dist-packages/colcon_core/task/python/colcon_distutils_commands:/home/caleb/Documents/robot_ws/install/camera_detection/lib/python3.10/site-packages:/home/caleb/Documents/robot_ws/install/camera_detection_interfaces/local/lib/python3.10/dist-packages:${PYTHONPATH} /usr/bin/python3 -W ignore:setup.py install is deprecated -W ignore:easy_install command is deprecated setup.py egg_info --egg-base ../../build/camera_detection build --build-base /home/caleb/Documents/robot_ws/build/camera_detection/build install --record /home/caleb/Documents/robot_ws/build/camera_detection/install.log --single-version-externally-managed install_data
