[0.007s] Invoking command in '/home/caleb/Documents/robot_ws/build/camera_detection_interfaces': /usr/bin/cmake /home/caleb/Documents/robot_ws/camera_detection_interfaces -DCMAKE_INSTALL_PREFIX=/home/caleb/Documents/robot_ws/install/camera_detection_interfaces
[0.052s] -- The C compiler identification is GNU 11.4.0
[0.094s] -- The CXX compiler identification is GNU 11.4.0
[0.099s] -- Detecting C compiler ABI info
[0.158s] -- Detecting C compiler ABI info - done
[0.163s] -- Check for working C compiler: /usr/bin/cc - skipped
[0.163s] -- Detecting C compile features
[0.164s] -- Detecting C compile features - done
[0.166s] -- Detecting CXX compiler ABI info
[0.232s] -- Detecting CXX compiler ABI info - done
[0.237s] -- Check for working CXX compiler: /usr/bin/c++ - skipped
[0.237s] -- Detecting CXX compile features
[0.237s] -- Detecting CXX compile features - done
[0.239s] -- Found rosidl_default_generators: 1.2.1 (/opt/ros/humble/share/rosidl_default_generators/cmake)
[0.240s] -- Found ament_cmake_core: 1.3.14 (/opt/ros/humble/share/ament_cmake_core/cmake)
[0.378s] -- Found Python3: /usr/bin/python3 (found version "3.10.12") found components: Interpreter 
[0.427s] -- Using all available rosidl_typesupport_c: rosidl_typesupport_fastrtps_c;rosidl_typesupport_introspection_c
[0.433s] -- Found rosidl_adapter: 3.1.8 (/opt/ros/humble/share/rosidl_adapter/cmake)
[0.491s] -- Using all available rosidl_typesupport_cpp: rosidl_typesupport_fastrtps_cpp;rosidl_typesupport_introspection_cpp
[0.660s] Error parsing '/home/caleb/Documents/robot_ws/camera_detection_interfaces/package.xml':
[0.691s] Traceback (most recent call last):
[0.691s]   File "/opt/ros/humble/share/ament_cmake_core/cmake/core/package_xml_2_cmake.py", line 150, in <module>
[0.691s]     main()
[0.691s]   File "/opt/ros/humble/share/ament_cmake_core/cmake/core/package_xml_2_cmake.py", line 53, in main
[0.691s]     raise e
[0.691s]   File "/opt/ros/humble/share/ament_cmake_core/cmake/core/package_xml_2_cmake.py", line 49, in main
[0.691s]     package = parse_package_string(
[0.691s]   File "/usr/lib/python3/dist-packages/catkin_pkg/package.py", line 788, in parse_package_string
[0.691s]     pkg.validate(warnings=warnings)
[0.692s]   File "/usr/lib/python3/dist-packages/catkin_pkg/package.py", line 330, in validate
[0.692s]     raise InvalidPackage('\n'.join(errors), self.filename)
[0.692s] catkin_pkg.package.InvalidPackage: Error(s) in package '/home/caleb/Documents/robot_ws/camera_detection_interfaces/package.xml':
[0.692s] Invalid email "[EMAIL_ADDRESS]" for person "Caleb Churata"
[0.702s] [31mCMake Error at /opt/ros/humble/share/ament_cmake_core/cmake/core/ament_package_xml.cmake:95 (message):
[0.702s]   execute_process(/usr/bin/python3
[0.702s]   /opt/ros/humble/share/ament_cmake_core/cmake/core/package_xml_2_cmake.py
[0.702s]   /home/caleb/Documents/robot_ws/camera_detection_interfaces/package.xml
[0.702s]   /home/caleb/Documents/robot_ws/build/camera_detection_interfaces/ament_cmake_core/package.cmake)
[0.702s]   returned error code 1
[0.702s] Call Stack (most recent call first):
[0.702s]   /opt/ros/humble/share/ament_cmake_core/cmake/core/ament_package_xml.cmake:49 (_ament_package_xml)
[0.702s]   /opt/ros/humble/share/rosidl_cmake/cmake/rosidl_generate_interfaces.cmake:226 (ament_package_xml)
[0.702s]   CMakeLists.txt:6 (rosidl_generate_interfaces)
[0.702s] 
[0.703s] [0m
[0.703s] -- Configuring incomplete, errors occurred!
[0.703s] See also "/home/caleb/Documents/robot_ws/build/camera_detection_interfaces/CMakeFiles/CMakeOutput.log".
[0.709s] Invoked command in '/home/caleb/Documents/robot_ws/build/camera_detection_interfaces' returned '1': /usr/bin/cmake /home/caleb/Documents/robot_ws/camera_detection_interfaces -DCMAKE_INSTALL_PREFIX=/home/caleb/Documents/robot_ws/install/camera_detection_interfaces
