[0.081s] DEBUG:colcon:Command line arguments: ['/usr/bin/colcon', 'build', '--packages-select', 'camera_detection_interfaces', 'camera_detection']
[0.081s] DEBUG:colcon:Parsed command line arguments: Namespace(log_base=None, log_level=None, verb_name='build', build_base='build', install_base='install', merge_install=False, symlink_install=False, test_result_base=None, continue_on_error=False, executor='parallel', parallel_workers=16, event_handlers=None, ignore_user_meta=False, metas=['./colcon.meta'], base_paths=['.'], packages_ignore=None, packages_ignore_regex=None, paths=None, packages_up_to=None, packages_up_to_regex=None, packages_above=None, packages_above_and_dependencies=None, packages_above_depth=None, packages_select_by_dep=None, packages_skip_by_dep=None, packages_skip_up_to=None, packages_select_build_failed=False, packages_skip_build_finished=False, packages_select_test_failures=False, packages_skip_test_passed=False, packages_select=['camera_detection_interfaces', 'camera_detection'], packages_skip=None, packages_select_regex=None, packages_skip_regex=None, packages_start=None, packages_end=None, allow_overriding=[], cmake_args=None, cmake_target=None, cmake_target_skip_unavailable=False, cmake_clean_cache=False, cmake_clean_first=False, cmake_force_configure=False, ament_cmake_args=None, catkin_cmake_args=None, catkin_skip_building_tests=False, verb_parser=<colcon_defaults.argument_parser.defaults.DefaultArgumentsDecorator object at 0x74d4f645eb60>, verb_extension=<colcon_core.verb.build.BuildVerb object at 0x74d4f65db790>, main=<bound method BuildVerb.main of <colcon_core.verb.build.BuildVerb object at 0x74d4f65db790>>)
[0.218s] Level 1:colcon.colcon_core.package_discovery:discover_packages(colcon_meta) check parameters
[0.218s] Level 1:colcon.colcon_core.package_discovery:discover_packages(recursive) check parameters
[0.218s] Level 1:colcon.colcon_core.package_discovery:discover_packages(ignore) check parameters
[0.218s] Level 1:colcon.colcon_core.package_discovery:discover_packages(path) check parameters
[0.218s] Level 1:colcon.colcon_core.package_discovery:discover_packages(colcon_meta) discover
[0.218s] Level 1:colcon.colcon_core.package_discovery:discover_packages(recursive) discover
[0.218s] INFO:colcon.colcon_core.package_discovery:Crawling recursively for packages in '/home/caleb/Documents/robot_ws'
[0.218s] Level 1:colcon.colcon_core.package_identification:_identify(.) by extensions ['ignore', 'ignore_ament_install']
[0.218s] Level 1:colcon.colcon_core.package_identification:_identify(.) by extension 'ignore'
[0.218s] Level 1:colcon.colcon_core.package_identification:_identify(.) by extension 'ignore_ament_install'
[0.218s] Level 1:colcon.colcon_core.package_identification:_identify(.) by extensions ['colcon_pkg']
[0.218s] Level 1:colcon.colcon_core.package_identification:_identify(.) by extension 'colcon_pkg'
[0.218s] Level 1:colcon.colcon_core.package_identification:_identify(.) by extensions ['colcon_meta']
[0.218s] Level 1:colcon.colcon_core.package_identification:_identify(.) by extension 'colcon_meta'
[0.218s] Level 1:colcon.colcon_core.package_identification:_identify(.) by extensions ['ros']
[0.218s] Level 1:colcon.colcon_core.package_identification:_identify(.) by extension 'ros'
[0.227s] Level 1:colcon.colcon_core.package_identification:_identify(.) by extensions ['cmake', 'python']
[0.227s] Level 1:colcon.colcon_core.package_identification:_identify(.) by extension 'cmake'
[0.227s] Level 1:colcon.colcon_core.package_identification:_identify(.) by extension 'python'
[0.227s] Level 1:colcon.colcon_core.package_identification:_identify(.) by extensions ['python_setup_py']
[0.227s] Level 1:colcon.colcon_core.package_identification:_identify(.) by extension 'python_setup_py'
[0.227s] Level 1:colcon.colcon_core.package_identification:_identify(build) by extensions ['ignore', 'ignore_ament_install']
[0.227s] Level 1:colcon.colcon_core.package_identification:_identify(build) by extension 'ignore'
[0.227s] Level 1:colcon.colcon_core.package_identification:_identify(build) ignored
[0.227s] Level 1:colcon.colcon_core.package_identification:_identify(install) by extensions ['ignore', 'ignore_ament_install']
[0.227s] Level 1:colcon.colcon_core.package_identification:_identify(install) by extension 'ignore'
[0.227s] Level 1:colcon.colcon_core.package_identification:_identify(install) ignored
[0.227s] Level 1:colcon.colcon_core.package_identification:_identify(log) by extensions ['ignore', 'ignore_ament_install']
[0.227s] Level 1:colcon.colcon_core.package_identification:_identify(log) by extension 'ignore'
[0.227s] Level 1:colcon.colcon_core.package_identification:_identify(log) ignored
[0.227s] Level 1:colcon.colcon_core.package_identification:_identify(src) by extensions ['ignore', 'ignore_ament_install']
[0.227s] Level 1:colcon.colcon_core.package_identification:_identify(src) by extension 'ignore'
[0.227s] Level 1:colcon.colcon_core.package_identification:_identify(src) by extension 'ignore_ament_install'
[0.228s] Level 1:colcon.colcon_core.package_identification:_identify(src) by extensions ['colcon_pkg']
[0.228s] Level 1:colcon.colcon_core.package_identification:_identify(src) by extension 'colcon_pkg'
[0.228s] Level 1:colcon.colcon_core.package_identification:_identify(src) by extensions ['colcon_meta']
[0.228s] Level 1:colcon.colcon_core.package_identification:_identify(src) by extension 'colcon_meta'
[0.228s] Level 1:colcon.colcon_core.package_identification:_identify(src) by extensions ['ros']
[0.228s] Level 1:colcon.colcon_core.package_identification:_identify(src) by extension 'ros'
[0.228s] Level 1:colcon.colcon_core.package_identification:_identify(src) by extensions ['cmake', 'python']
[0.228s] Level 1:colcon.colcon_core.package_identification:_identify(src) by extension 'cmake'
[0.228s] Level 1:colcon.colcon_core.package_identification:_identify(src) by extension 'python'
[0.228s] Level 1:colcon.colcon_core.package_identification:_identify(src) by extensions ['python_setup_py']
[0.228s] Level 1:colcon.colcon_core.package_identification:_identify(src) by extension 'python_setup_py'
[0.228s] Level 1:colcon.colcon_core.package_identification:_identify(src/camera_detection) by extensions ['ignore', 'ignore_ament_install']
[0.228s] Level 1:colcon.colcon_core.package_identification:_identify(src/camera_detection) by extension 'ignore'
[0.228s] Level 1:colcon.colcon_core.package_identification:_identify(src/camera_detection) by extension 'ignore_ament_install'
[0.228s] Level 1:colcon.colcon_core.package_identification:_identify(src/camera_detection) by extensions ['colcon_pkg']
[0.228s] Level 1:colcon.colcon_core.package_identification:_identify(src/camera_detection) by extension 'colcon_pkg'
[0.228s] Level 1:colcon.colcon_core.package_identification:_identify(src/camera_detection) by extensions ['colcon_meta']
[0.228s] Level 1:colcon.colcon_core.package_identification:_identify(src/camera_detection) by extension 'colcon_meta'
[0.228s] Level 1:colcon.colcon_core.package_identification:_identify(src/camera_detection) by extensions ['ros']
[0.228s] Level 1:colcon.colcon_core.package_identification:_identify(src/camera_detection) by extension 'ros'
[0.230s] DEBUG:colcon.colcon_core.package_identification:Package 'src/camera_detection' with type 'ros.ament_cmake' and name 'camera_detection'
[0.230s] Level 1:colcon.colcon_core.package_identification:_identify(src/camera_detection_interfaces) by extensions ['ignore', 'ignore_ament_install']
[0.230s] Level 1:colcon.colcon_core.package_identification:_identify(src/camera_detection_interfaces) by extension 'ignore'
[0.230s] Level 1:colcon.colcon_core.package_identification:_identify(src/camera_detection_interfaces) by extension 'ignore_ament_install'
[0.230s] Level 1:colcon.colcon_core.package_identification:_identify(src/camera_detection_interfaces) by extensions ['colcon_pkg']
[0.230s] Level 1:colcon.colcon_core.package_identification:_identify(src/camera_detection_interfaces) by extension 'colcon_pkg'
[0.230s] Level 1:colcon.colcon_core.package_identification:_identify(src/camera_detection_interfaces) by extensions ['colcon_meta']
[0.231s] Level 1:colcon.colcon_core.package_identification:_identify(src/camera_detection_interfaces) by extension 'colcon_meta'
[0.231s] Level 1:colcon.colcon_core.package_identification:_identify(src/camera_detection_interfaces) by extensions ['ros']
[0.231s] Level 1:colcon.colcon_core.package_identification:_identify(src/camera_detection_interfaces) by extension 'ros'
[0.231s] DEBUG:colcon.colcon_core.package_identification:Package 'src/camera_detection_interfaces' with type 'ros.ament_cmake' and name 'camera_detection_interfaces'
[0.231s] Level 1:colcon.colcon_core.package_identification:_identify(src/robot_bridge) by extensions ['ignore', 'ignore_ament_install']
[0.231s] Level 1:colcon.colcon_core.package_identification:_identify(src/robot_bridge) by extension 'ignore'
[0.231s] Level 1:colcon.colcon_core.package_identification:_identify(src/robot_bridge) by extension 'ignore_ament_install'
[0.231s] Level 1:colcon.colcon_core.package_identification:_identify(src/robot_bridge) by extensions ['colcon_pkg']
[0.231s] Level 1:colcon.colcon_core.package_identification:_identify(src/robot_bridge) by extension 'colcon_pkg'
[0.231s] Level 1:colcon.colcon_core.package_identification:_identify(src/robot_bridge) by extensions ['colcon_meta']
[0.231s] Level 1:colcon.colcon_core.package_identification:_identify(src/robot_bridge) by extension 'colcon_meta'
[0.231s] Level 1:colcon.colcon_core.package_identification:_identify(src/robot_bridge) by extensions ['ros']
[0.231s] Level 1:colcon.colcon_core.package_identification:_identify(src/robot_bridge) by extension 'ros'
[0.232s] DEBUG:colcon.colcon_core.package_identification:Package 'src/robot_bridge' with type 'ros.ament_python' and name 'robot_bridge'
[0.232s] Level 1:colcon.colcon_core.package_identification:_identify(temp_fotos) by extensions ['ignore', 'ignore_ament_install']
[0.232s] Level 1:colcon.colcon_core.package_identification:_identify(temp_fotos) by extension 'ignore'
[0.232s] Level 1:colcon.colcon_core.package_identification:_identify(temp_fotos) by extension 'ignore_ament_install'
[0.232s] Level 1:colcon.colcon_core.package_identification:_identify(temp_fotos) by extensions ['colcon_pkg']
[0.232s] Level 1:colcon.colcon_core.package_identification:_identify(temp_fotos) by extension 'colcon_pkg'
[0.232s] Level 1:colcon.colcon_core.package_identification:_identify(temp_fotos) by extensions ['colcon_meta']
[0.232s] Level 1:colcon.colcon_core.package_identification:_identify(temp_fotos) by extension 'colcon_meta'
[0.232s] Level 1:colcon.colcon_core.package_identification:_identify(temp_fotos) by extensions ['ros']
[0.232s] Level 1:colcon.colcon_core.package_identification:_identify(temp_fotos) by extension 'ros'
[0.232s] Level 1:colcon.colcon_core.package_identification:_identify(temp_fotos) by extensions ['cmake', 'python']
[0.232s] Level 1:colcon.colcon_core.package_identification:_identify(temp_fotos) by extension 'cmake'
[0.232s] Level 1:colcon.colcon_core.package_identification:_identify(temp_fotos) by extension 'python'
[0.232s] Level 1:colcon.colcon_core.package_identification:_identify(temp_fotos) by extensions ['python_setup_py']
[0.232s] Level 1:colcon.colcon_core.package_identification:_identify(temp_fotos) by extension 'python_setup_py'
[0.232s] Level 1:colcon.colcon_core.package_discovery:discover_packages(recursive) using defaults
[0.232s] Level 1:colcon.colcon_core.package_discovery:discover_packages(ignore) discover
[0.232s] Level 1:colcon.colcon_core.package_discovery:discover_packages(ignore) using defaults
[0.232s] Level 1:colcon.colcon_core.package_discovery:discover_packages(path) discover
[0.233s] Level 1:colcon.colcon_core.package_discovery:discover_packages(path) using defaults
[0.258s] INFO:colcon.colcon_core.package_selection:Skipping not selected package 'robot_bridge' in 'src/robot_bridge'
[0.258s] Level 1:colcon.colcon_core.package_discovery:discover_packages(prefix_path) check parameters
[0.258s] Level 1:colcon.colcon_core.package_discovery:discover_packages(prefix_path) discover
[0.259s] WARNING:colcon.colcon_core.prefix_path.colcon:The path '/home/caleb/Documents/robot_ws/camera_detection_interfaces/install' in the environment variable COLCON_PREFIX_PATH doesn't exist
[0.259s] WARNING:colcon.colcon_ros.prefix_path.ament:The path '/home/caleb/Documents/robot_ws/install/camera_detection_interfaces' in the environment variable AMENT_PREFIX_PATH doesn't exist
[0.259s] WARNING:colcon.colcon_ros.prefix_path.ament:The path '/home/caleb/Documents/robot_ws/install/camera_detection' in the environment variable AMENT_PREFIX_PATH doesn't exist
[0.259s] WARNING:colcon.colcon_ros.prefix_path.catkin:The path '/home/caleb/Documents/robot_ws/install/camera_detection' in the environment variable CMAKE_PREFIX_PATH doesn't exist
[0.259s] WARNING:colcon.colcon_ros.prefix_path.catkin:The path '/home/caleb/Documents/robot_ws/install/camera_detection_interfaces' in the environment variable CMAKE_PREFIX_PATH doesn't exist
[0.259s] DEBUG:colcon.colcon_installed_package_information.package_discovery:Found 1 installed packages in /home/caleb/Documents/robot_ws/install
[0.261s] DEBUG:colcon.colcon_installed_package_information.package_discovery:Found 391 installed packages in /opt/ros/humble
[0.262s] Level 1:colcon.colcon_core.package_discovery:discover_packages(prefix_path) using defaults
[0.297s] Level 5:colcon.colcon_core.verb:set package 'camera_detection_interfaces' build argument 'cmake_args' from command line to 'None'
[0.297s] Level 5:colcon.colcon_core.verb:set package 'camera_detection_interfaces' build argument 'cmake_target' from command line to 'None'
[0.297s] Level 5:colcon.colcon_core.verb:set package 'camera_detection_interfaces' build argument 'cmake_target_skip_unavailable' from command line to 'False'
[0.297s] Level 5:colcon.colcon_core.verb:set package 'camera_detection_interfaces' build argument 'cmake_clean_cache' from command line to 'False'
[0.297s] Level 5:colcon.colcon_core.verb:set package 'camera_detection_interfaces' build argument 'cmake_clean_first' from command line to 'False'
[0.297s] Level 5:colcon.colcon_core.verb:set package 'camera_detection_interfaces' build argument 'cmake_force_configure' from command line to 'False'
[0.297s] Level 5:colcon.colcon_core.verb:set package 'camera_detection_interfaces' build argument 'ament_cmake_args' from command line to 'None'
[0.297s] Level 5:colcon.colcon_core.verb:set package 'camera_detection_interfaces' build argument 'catkin_cmake_args' from command line to 'None'
[0.297s] Level 5:colcon.colcon_core.verb:set package 'camera_detection_interfaces' build argument 'catkin_skip_building_tests' from command line to 'False'
[0.297s] DEBUG:colcon.colcon_core.verb:Building package 'camera_detection_interfaces' with the following arguments: {'ament_cmake_args': None, 'build_base': '/home/caleb/Documents/robot_ws/build/camera_detection_interfaces', 'catkin_cmake_args': None, 'catkin_skip_building_tests': False, 'cmake_args': None, 'cmake_clean_cache': False, 'cmake_clean_first': False, 'cmake_force_configure': False, 'cmake_target': None, 'cmake_target_skip_unavailable': False, 'install_base': '/home/caleb/Documents/robot_ws/install/camera_detection_interfaces', 'merge_install': False, 'path': '/home/caleb/Documents/robot_ws/src/camera_detection_interfaces', 'symlink_install': False, 'test_result_base': None}
[0.297s] Level 5:colcon.colcon_core.verb:set package 'camera_detection' build argument 'cmake_args' from command line to 'None'
[0.297s] Level 5:colcon.colcon_core.verb:set package 'camera_detection' build argument 'cmake_target' from command line to 'None'
[0.297s] Level 5:colcon.colcon_core.verb:set package 'camera_detection' build argument 'cmake_target_skip_unavailable' from command line to 'False'
[0.298s] Level 5:colcon.colcon_core.verb:set package 'camera_detection' build argument 'cmake_clean_cache' from command line to 'False'
[0.298s] Level 5:colcon.colcon_core.verb:set package 'camera_detection' build argument 'cmake_clean_first' from command line to 'False'
[0.298s] Level 5:colcon.colcon_core.verb:set package 'camera_detection' build argument 'cmake_force_configure' from command line to 'False'
[0.298s] Level 5:colcon.colcon_core.verb:set package 'camera_detection' build argument 'ament_cmake_args' from command line to 'None'
[0.298s] Level 5:colcon.colcon_core.verb:set package 'camera_detection' build argument 'catkin_cmake_args' from command line to 'None'
[0.298s] Level 5:colcon.colcon_core.verb:set package 'camera_detection' build argument 'catkin_skip_building_tests' from command line to 'False'
[0.298s] DEBUG:colcon.colcon_core.verb:Building package 'camera_detection' with the following arguments: {'ament_cmake_args': None, 'build_base': '/home/caleb/Documents/robot_ws/build/camera_detection', 'catkin_cmake_args': None, 'catkin_skip_building_tests': False, 'cmake_args': None, 'cmake_clean_cache': False, 'cmake_clean_first': False, 'cmake_force_configure': False, 'cmake_target': None, 'cmake_target_skip_unavailable': False, 'install_base': '/home/caleb/Documents/robot_ws/install/camera_detection', 'merge_install': False, 'path': '/home/caleb/Documents/robot_ws/src/camera_detection', 'symlink_install': False, 'test_result_base': None}
[0.298s] INFO:colcon.colcon_core.executor:Executing jobs using 'parallel' executor
[0.299s] DEBUG:colcon.colcon_parallel_executor.executor.parallel:run_until_complete
[0.299s] INFO:colcon.colcon_ros.task.ament_cmake.build:Building ROS package in '/home/caleb/Documents/robot_ws/src/camera_detection_interfaces' with build type 'ament_cmake'
[0.299s] INFO:colcon.colcon_cmake.task.cmake.build:Building CMake package in '/home/caleb/Documents/robot_ws/src/camera_detection_interfaces'
[0.300s] INFO:colcon.colcon_core.plugin_system:Skipping extension 'colcon_core.shell.bat': Not used on non-Windows systems
[0.300s] INFO:colcon.colcon_core.shell:Skip shell extension 'powershell' for command environment: Not usable outside of PowerShell
[0.301s] DEBUG:colcon.colcon_core.shell:Skip shell extension 'dsv' for command environment
[0.308s] DEBUG:colcon.colcon_core.event_handler.log_command:Invoking command in '/home/caleb/Documents/robot_ws/build/camera_detection_interfaces': CMAKE_PREFIX_PATH=${CMAKE_PREFIX_PATH}:/home/caleb/Documents/robot_ws/install/robot_bridge:/opt/ros/humble /usr/bin/cmake /home/caleb/Documents/robot_ws/src/camera_detection_interfaces -DCMAKE_INSTALL_PREFIX=/home/caleb/Documents/robot_ws/install/camera_detection_interfaces
[1.591s] DEBUG:colcon.colcon_core.event_handler.log_command:Invoked command in '/home/caleb/Documents/robot_ws/build/camera_detection_interfaces' returned '0': CMAKE_PREFIX_PATH=${CMAKE_PREFIX_PATH}:/home/caleb/Documents/robot_ws/install/robot_bridge:/opt/ros/humble /usr/bin/cmake /home/caleb/Documents/robot_ws/src/camera_detection_interfaces -DCMAKE_INSTALL_PREFIX=/home/caleb/Documents/robot_ws/install/camera_detection_interfaces
[1.593s] DEBUG:colcon.colcon_core.event_handler.log_command:Invoking command in '/home/caleb/Documents/robot_ws/build/camera_detection_interfaces': CMAKE_PREFIX_PATH=${CMAKE_PREFIX_PATH}:/home/caleb/Documents/robot_ws/install/robot_bridge:/opt/ros/humble /usr/bin/cmake --build /home/caleb/Documents/robot_ws/build/camera_detection_interfaces -- -j16 -l16
[2.958s] DEBUG:colcon.colcon_core.event_handler.log_command:Invoked command in '/home/caleb/Documents/robot_ws/build/camera_detection_interfaces' returned '0': CMAKE_PREFIX_PATH=${CMAKE_PREFIX_PATH}:/home/caleb/Documents/robot_ws/install/robot_bridge:/opt/ros/humble /usr/bin/cmake --build /home/caleb/Documents/robot_ws/build/camera_detection_interfaces -- -j16 -l16
[2.967s] DEBUG:colcon.colcon_core.event_handler.log_command:Invoking command in '/home/caleb/Documents/robot_ws/build/camera_detection_interfaces': CMAKE_PREFIX_PATH=${CMAKE_PREFIX_PATH}:/home/caleb/Documents/robot_ws/install/robot_bridge:/opt/ros/humble /usr/bin/cmake --install /home/caleb/Documents/robot_ws/build/camera_detection_interfaces
[3.022s] Level 1:colcon.colcon_core.environment:create_environment_scripts_only(camera_detection_interfaces)
[3.023s] DEBUG:colcon.colcon_core.event_handler.log_command:Invoked command in '/home/caleb/Documents/robot_ws/build/camera_detection_interfaces' returned '0': CMAKE_PREFIX_PATH=${CMAKE_PREFIX_PATH}:/home/caleb/Documents/robot_ws/install/robot_bridge:/opt/ros/humble /usr/bin/cmake --install /home/caleb/Documents/robot_ws/build/camera_detection_interfaces
[3.024s] Level 1:colcon.colcon_core.environment:checking '/home/caleb/Documents/robot_ws/install/camera_detection_interfaces' for CMake module files
[3.025s] Level 1:colcon.colcon_core.environment:checking '/home/caleb/Documents/robot_ws/install/camera_detection_interfaces' for CMake config files
[3.025s] Level 1:colcon.colcon_core.shell:create_environment_hook('camera_detection_interfaces', 'cmake_prefix_path')
[3.025s] INFO:colcon.colcon_core.shell:Creating environment hook '/home/caleb/Documents/robot_ws/install/camera_detection_interfaces/share/camera_detection_interfaces/hook/cmake_prefix_path.ps1'
[3.026s] INFO:colcon.colcon_core.shell:Creating environment descriptor '/home/caleb/Documents/robot_ws/install/camera_detection_interfaces/share/camera_detection_interfaces/hook/cmake_prefix_path.dsv'
[3.026s] INFO:colcon.colcon_core.shell:Creating environment hook '/home/caleb/Documents/robot_ws/install/camera_detection_interfaces/share/camera_detection_interfaces/hook/cmake_prefix_path.sh'
[3.027s] Level 1:colcon.colcon_core.environment:checking '/home/caleb/Documents/robot_ws/install/camera_detection_interfaces/lib'
[3.027s] Level 1:colcon.colcon_core.shell:create_environment_hook('camera_detection_interfaces', 'ld_library_path_lib')
[3.027s] INFO:colcon.colcon_core.shell:Creating environment hook '/home/caleb/Documents/robot_ws/install/camera_detection_interfaces/share/camera_detection_interfaces/hook/ld_library_path_lib.ps1'
[3.027s] INFO:colcon.colcon_core.shell:Creating environment descriptor '/home/caleb/Documents/robot_ws/install/camera_detection_interfaces/share/camera_detection_interfaces/hook/ld_library_path_lib.dsv'
[3.027s] INFO:colcon.colcon_core.shell:Creating environment hook '/home/caleb/Documents/robot_ws/install/camera_detection_interfaces/share/camera_detection_interfaces/hook/ld_library_path_lib.sh'
[3.028s] Level 1:colcon.colcon_core.environment:checking '/home/caleb/Documents/robot_ws/install/camera_detection_interfaces/bin'
[3.028s] Level 1:colcon.colcon_core.environment:checking '/home/caleb/Documents/robot_ws/install/camera_detection_interfaces/lib/pkgconfig/camera_detection_interfaces.pc'
[3.028s] Level 1:colcon.colcon_core.environment:checking '/home/caleb/Documents/robot_ws/install/camera_detection_interfaces/lib/python3.10/site-packages'
[3.028s] Level 1:colcon.colcon_core.environment:checking '/home/caleb/Documents/robot_ws/install/camera_detection_interfaces/bin'
[3.028s] INFO:colcon.colcon_core.shell:Creating package script '/home/caleb/Documents/robot_ws/install/camera_detection_interfaces/share/camera_detection_interfaces/package.ps1'
[3.029s] INFO:colcon.colcon_core.shell:Creating package descriptor '/home/caleb/Documents/robot_ws/install/camera_detection_interfaces/share/camera_detection_interfaces/package.dsv'
[3.030s] INFO:colcon.colcon_core.shell:Creating package script '/home/caleb/Documents/robot_ws/install/camera_detection_interfaces/share/camera_detection_interfaces/package.sh'
[3.030s] INFO:colcon.colcon_core.shell:Creating package script '/home/caleb/Documents/robot_ws/install/camera_detection_interfaces/share/camera_detection_interfaces/package.bash'
[3.030s] INFO:colcon.colcon_core.shell:Creating package script '/home/caleb/Documents/robot_ws/install/camera_detection_interfaces/share/camera_detection_interfaces/package.zsh'
[3.031s] Level 1:colcon.colcon_core.environment:create_file_with_runtime_dependencies(/home/caleb/Documents/robot_ws/install/camera_detection_interfaces/share/colcon-core/packages/camera_detection_interfaces)
[3.031s] Level 1:colcon.colcon_core.environment:create_environment_scripts_only(camera_detection_interfaces)
[3.032s] Level 1:colcon.colcon_core.environment:checking '/home/caleb/Documents/robot_ws/install/camera_detection_interfaces' for CMake module files
[3.032s] Level 1:colcon.colcon_core.environment:checking '/home/caleb/Documents/robot_ws/install/camera_detection_interfaces' for CMake config files
[3.033s] Level 1:colcon.colcon_core.shell:create_environment_hook('camera_detection_interfaces', 'cmake_prefix_path')
[3.033s] INFO:colcon.colcon_core.shell:Creating environment hook '/home/caleb/Documents/robot_ws/install/camera_detection_interfaces/share/camera_detection_interfaces/hook/cmake_prefix_path.ps1'
[3.033s] INFO:colcon.colcon_core.shell:Creating environment descriptor '/home/caleb/Documents/robot_ws/install/camera_detection_interfaces/share/camera_detection_interfaces/hook/cmake_prefix_path.dsv'
[3.033s] INFO:colcon.colcon_core.shell:Creating environment hook '/home/caleb/Documents/robot_ws/install/camera_detection_interfaces/share/camera_detection_interfaces/hook/cmake_prefix_path.sh'
[3.034s] Level 1:colcon.colcon_core.environment:checking '/home/caleb/Documents/robot_ws/install/camera_detection_interfaces/lib'
[3.034s] Level 1:colcon.colcon_core.shell:create_environment_hook('camera_detection_interfaces', 'ld_library_path_lib')
[3.034s] INFO:colcon.colcon_core.shell:Creating environment hook '/home/caleb/Documents/robot_ws/install/camera_detection_interfaces/share/camera_detection_interfaces/hook/ld_library_path_lib.ps1'
[3.034s] INFO:colcon.colcon_core.shell:Creating environment descriptor '/home/caleb/Documents/robot_ws/install/camera_detection_interfaces/share/camera_detection_interfaces/hook/ld_library_path_lib.dsv'
[3.034s] INFO:colcon.colcon_core.shell:Creating environment hook '/home/caleb/Documents/robot_ws/install/camera_detection_interfaces/share/camera_detection_interfaces/hook/ld_library_path_lib.sh'
[3.035s] Level 1:colcon.colcon_core.environment:checking '/home/caleb/Documents/robot_ws/install/camera_detection_interfaces/bin'
[3.035s] Level 1:colcon.colcon_core.environment:checking '/home/caleb/Documents/robot_ws/install/camera_detection_interfaces/lib/pkgconfig/camera_detection_interfaces.pc'
[3.035s] Level 1:colcon.colcon_core.environment:checking '/home/caleb/Documents/robot_ws/install/camera_detection_interfaces/lib/python3.10/site-packages'
[3.035s] Level 1:colcon.colcon_core.environment:checking '/home/caleb/Documents/robot_ws/install/camera_detection_interfaces/bin'
[3.035s] INFO:colcon.colcon_core.shell:Creating package script '/home/caleb/Documents/robot_ws/install/camera_detection_interfaces/share/camera_detection_interfaces/package.ps1'
[3.036s] INFO:colcon.colcon_core.shell:Creating package descriptor '/home/caleb/Documents/robot_ws/install/camera_detection_interfaces/share/camera_detection_interfaces/package.dsv'
[3.036s] INFO:colcon.colcon_core.shell:Creating package script '/home/caleb/Documents/robot_ws/install/camera_detection_interfaces/share/camera_detection_interfaces/package.sh'
[3.036s] INFO:colcon.colcon_core.shell:Creating package script '/home/caleb/Documents/robot_ws/install/camera_detection_interfaces/share/camera_detection_interfaces/package.bash'
[3.037s] INFO:colcon.colcon_core.shell:Creating package script '/home/caleb/Documents/robot_ws/install/camera_detection_interfaces/share/camera_detection_interfaces/package.zsh'
[3.037s] Level 1:colcon.colcon_core.environment:create_file_with_runtime_dependencies(/home/caleb/Documents/robot_ws/install/camera_detection_interfaces/share/colcon-core/packages/camera_detection_interfaces)
[3.037s] INFO:colcon.colcon_ros.task.ament_cmake.build:Building ROS package in '/home/caleb/Documents/robot_ws/src/camera_detection' with build type 'ament_cmake'
[3.037s] INFO:colcon.colcon_cmake.task.cmake.build:Building CMake package in '/home/caleb/Documents/robot_ws/src/camera_detection'
[3.037s] INFO:colcon.colcon_core.shell:Skip shell extension 'powershell' for command environment: Not usable outside of PowerShell
[3.038s] DEBUG:colcon.colcon_core.shell:Skip shell extension 'dsv' for command environment
[3.046s] DEBUG:colcon.colcon_core.event_handler.log_command:Invoking command in '/home/caleb/Documents/robot_ws/build/camera_detection': CMAKE_PREFIX_PATH=/home/caleb/Documents/robot_ws/install/camera_detection_interfaces:/home/caleb/Documents/robot_ws/install/camera_detection:/home/caleb/Documents/robot_ws/install/robot_bridge:/opt/ros/humble LD_LIBRARY_PATH=/home/caleb/Documents/robot_ws/install/camera_detection_interfaces/lib:/usr/lib/x86_64-linux-gnu/gazebo-11/plugins:/opt/ros/humble/opt/rviz_ogre_vendor/lib:/opt/ros/humble/lib/x86_64-linux-gnu:/opt/ros/humble/lib:/usr/share/gazebo/../../lib/x86_64-linux-gnu/gazebo-11/plugins /usr/bin/cmake /home/caleb/Documents/robot_ws/src/camera_detection -DCMAKE_INSTALL_PREFIX=/home/caleb/Documents/robot_ws/install/camera_detection
[3.656s] DEBUG:colcon.colcon_core.event_handler.log_command:Invoked command in '/home/caleb/Documents/robot_ws/build/camera_detection' returned '0': CMAKE_PREFIX_PATH=/home/caleb/Documents/robot_ws/install/camera_detection_interfaces:/home/caleb/Documents/robot_ws/install/camera_detection:/home/caleb/Documents/robot_ws/install/robot_bridge:/opt/ros/humble LD_LIBRARY_PATH=/home/caleb/Documents/robot_ws/install/camera_detection_interfaces/lib:/usr/lib/x86_64-linux-gnu/gazebo-11/plugins:/opt/ros/humble/opt/rviz_ogre_vendor/lib:/opt/ros/humble/lib/x86_64-linux-gnu:/opt/ros/humble/lib:/usr/share/gazebo/../../lib/x86_64-linux-gnu/gazebo-11/plugins /usr/bin/cmake /home/caleb/Documents/robot_ws/src/camera_detection -DCMAKE_INSTALL_PREFIX=/home/caleb/Documents/robot_ws/install/camera_detection
[3.657s] DEBUG:colcon.colcon_core.event_handler.log_command:Invoking command in '/home/caleb/Documents/robot_ws/build/camera_detection': CMAKE_PREFIX_PATH=/home/caleb/Documents/robot_ws/install/camera_detection_interfaces:/home/caleb/Documents/robot_ws/install/camera_detection:/home/caleb/Documents/robot_ws/install/robot_bridge:/opt/ros/humble LD_LIBRARY_PATH=/home/caleb/Documents/robot_ws/install/camera_detection_interfaces/lib:/usr/lib/x86_64-linux-gnu/gazebo-11/plugins:/opt/ros/humble/opt/rviz_ogre_vendor/lib:/opt/ros/humble/lib/x86_64-linux-gnu:/opt/ros/humble/lib:/usr/share/gazebo/../../lib/x86_64-linux-gnu/gazebo-11/plugins /usr/bin/cmake --build /home/caleb/Documents/robot_ws/build/camera_detection -- -j16 -l16
[5.070s] DEBUG:colcon.colcon_core.event_handler.log_command:Invoked command in '/home/caleb/Documents/robot_ws/build/camera_detection' returned '0': CMAKE_PREFIX_PATH=/home/caleb/Documents/robot_ws/install/camera_detection_interfaces:/home/caleb/Documents/robot_ws/install/camera_detection:/home/caleb/Documents/robot_ws/install/robot_bridge:/opt/ros/humble LD_LIBRARY_PATH=/home/caleb/Documents/robot_ws/install/camera_detection_interfaces/lib:/usr/lib/x86_64-linux-gnu/gazebo-11/plugins:/opt/ros/humble/opt/rviz_ogre_vendor/lib:/opt/ros/humble/lib/x86_64-linux-gnu:/opt/ros/humble/lib:/usr/share/gazebo/../../lib/x86_64-linux-gnu/gazebo-11/plugins /usr/bin/cmake --build /home/caleb/Documents/robot_ws/build/camera_detection -- -j16 -l16
[5.072s] DEBUG:colcon.colcon_core.event_handler.log_command:Invoking command in '/home/caleb/Documents/robot_ws/build/camera_detection': CMAKE_PREFIX_PATH=/home/caleb/Documents/robot_ws/install/camera_detection_interfaces:/home/caleb/Documents/robot_ws/install/camera_detection:/home/caleb/Documents/robot_ws/install/robot_bridge:/opt/ros/humble LD_LIBRARY_PATH=/home/caleb/Documents/robot_ws/install/camera_detection_interfaces/lib:/usr/lib/x86_64-linux-gnu/gazebo-11/plugins:/opt/ros/humble/opt/rviz_ogre_vendor/lib:/opt/ros/humble/lib/x86_64-linux-gnu:/opt/ros/humble/lib:/usr/share/gazebo/../../lib/x86_64-linux-gnu/gazebo-11/plugins /usr/bin/cmake --install /home/caleb/Documents/robot_ws/build/camera_detection
[5.081s] Level 1:colcon.colcon_core.environment:create_environment_scripts_only(camera_detection)
[5.082s] Level 1:colcon.colcon_core.environment:checking '/home/caleb/Documents/robot_ws/install/camera_detection' for CMake module files
[5.082s] DEBUG:colcon.colcon_core.event_handler.log_command:Invoked command in '/home/caleb/Documents/robot_ws/build/camera_detection' returned '0': CMAKE_PREFIX_PATH=/home/caleb/Documents/robot_ws/install/camera_detection_interfaces:/home/caleb/Documents/robot_ws/install/camera_detection:/home/caleb/Documents/robot_ws/install/robot_bridge:/opt/ros/humble LD_LIBRARY_PATH=/home/caleb/Documents/robot_ws/install/camera_detection_interfaces/lib:/usr/lib/x86_64-linux-gnu/gazebo-11/plugins:/opt/ros/humble/opt/rviz_ogre_vendor/lib:/opt/ros/humble/lib/x86_64-linux-gnu:/opt/ros/humble/lib:/usr/share/gazebo/../../lib/x86_64-linux-gnu/gazebo-11/plugins /usr/bin/cmake --install /home/caleb/Documents/robot_ws/build/camera_detection
[5.082s] Level 1:colcon.colcon_core.environment:checking '/home/caleb/Documents/robot_ws/install/camera_detection' for CMake config files
[5.083s] Level 1:colcon.colcon_core.shell:create_environment_hook('camera_detection', 'cmake_prefix_path')
[5.083s] INFO:colcon.colcon_core.shell:Creating environment hook '/home/caleb/Documents/robot_ws/install/camera_detection/share/camera_detection/hook/cmake_prefix_path.ps1'
[5.083s] INFO:colcon.colcon_core.shell:Creating environment descriptor '/home/caleb/Documents/robot_ws/install/camera_detection/share/camera_detection/hook/cmake_prefix_path.dsv'
[5.084s] INFO:colcon.colcon_core.shell:Creating environment hook '/home/caleb/Documents/robot_ws/install/camera_detection/share/camera_detection/hook/cmake_prefix_path.sh'
[5.084s] Level 1:colcon.colcon_core.environment:checking '/home/caleb/Documents/robot_ws/install/camera_detection/lib'
[5.084s] Level 1:colcon.colcon_core.environment:checking '/home/caleb/Documents/robot_ws/install/camera_detection/bin'
[5.084s] Level 1:colcon.colcon_core.environment:checking '/home/caleb/Documents/robot_ws/install/camera_detection/lib/pkgconfig/camera_detection.pc'
[5.084s] Level 1:colcon.colcon_core.environment:checking '/home/caleb/Documents/robot_ws/install/camera_detection/lib/python3.10/site-packages'
[5.085s] Level 1:colcon.colcon_core.environment:checking '/home/caleb/Documents/robot_ws/install/camera_detection/bin'
[5.085s] INFO:colcon.colcon_core.shell:Creating package script '/home/caleb/Documents/robot_ws/install/camera_detection/share/camera_detection/package.ps1'
[5.085s] INFO:colcon.colcon_core.shell:Creating package descriptor '/home/caleb/Documents/robot_ws/install/camera_detection/share/camera_detection/package.dsv'
[5.085s] INFO:colcon.colcon_core.shell:Creating package script '/home/caleb/Documents/robot_ws/install/camera_detection/share/camera_detection/package.sh'
[5.086s] INFO:colcon.colcon_core.shell:Creating package script '/home/caleb/Documents/robot_ws/install/camera_detection/share/camera_detection/package.bash'
[5.086s] INFO:colcon.colcon_core.shell:Creating package script '/home/caleb/Documents/robot_ws/install/camera_detection/share/camera_detection/package.zsh'
[5.086s] Level 1:colcon.colcon_core.environment:create_file_with_runtime_dependencies(/home/caleb/Documents/robot_ws/install/camera_detection/share/colcon-core/packages/camera_detection)
[5.087s] Level 1:colcon.colcon_core.environment:create_environment_scripts_only(camera_detection)
[5.087s] Level 1:colcon.colcon_core.environment:checking '/home/caleb/Documents/robot_ws/install/camera_detection' for CMake module files
[5.087s] Level 1:colcon.colcon_core.environment:checking '/home/caleb/Documents/robot_ws/install/camera_detection' for CMake config files
[5.087s] Level 1:colcon.colcon_core.shell:create_environment_hook('camera_detection', 'cmake_prefix_path')
[5.087s] INFO:colcon.colcon_core.shell:Creating environment hook '/home/caleb/Documents/robot_ws/install/camera_detection/share/camera_detection/hook/cmake_prefix_path.ps1'
[5.088s] INFO:colcon.colcon_core.shell:Creating environment descriptor '/home/caleb/Documents/robot_ws/install/camera_detection/share/camera_detection/hook/cmake_prefix_path.dsv'
[5.088s] INFO:colcon.colcon_core.shell:Creating environment hook '/home/caleb/Documents/robot_ws/install/camera_detection/share/camera_detection/hook/cmake_prefix_path.sh'
[5.088s] Level 1:colcon.colcon_core.environment:checking '/home/caleb/Documents/robot_ws/install/camera_detection/lib'
[5.088s] Level 1:colcon.colcon_core.environment:checking '/home/caleb/Documents/robot_ws/install/camera_detection/bin'
[5.088s] Level 1:colcon.colcon_core.environment:checking '/home/caleb/Documents/robot_ws/install/camera_detection/lib/pkgconfig/camera_detection.pc'
[5.088s] Level 1:colcon.colcon_core.environment:checking '/home/caleb/Documents/robot_ws/install/camera_detection/lib/python3.10/site-packages'
[5.089s] Level 1:colcon.colcon_core.environment:checking '/home/caleb/Documents/robot_ws/install/camera_detection/bin'
[5.089s] INFO:colcon.colcon_core.shell:Creating package script '/home/caleb/Documents/robot_ws/install/camera_detection/share/camera_detection/package.ps1'
[5.089s] INFO:colcon.colcon_core.shell:Creating package descriptor '/home/caleb/Documents/robot_ws/install/camera_detection/share/camera_detection/package.dsv'
[5.090s] INFO:colcon.colcon_core.shell:Creating package script '/home/caleb/Documents/robot_ws/install/camera_detection/share/camera_detection/package.sh'
[5.090s] INFO:colcon.colcon_core.shell:Creating package script '/home/caleb/Documents/robot_ws/install/camera_detection/share/camera_detection/package.bash'
[5.090s] INFO:colcon.colcon_core.shell:Creating package script '/home/caleb/Documents/robot_ws/install/camera_detection/share/camera_detection/package.zsh'
[5.090s] Level 1:colcon.colcon_core.environment:create_file_with_runtime_dependencies(/home/caleb/Documents/robot_ws/install/camera_detection/share/colcon-core/packages/camera_detection)
[5.091s] DEBUG:colcon.colcon_parallel_executor.executor.parallel:closing loop
[5.091s] DEBUG:colcon.colcon_parallel_executor.executor.parallel:loop closed
[5.091s] DEBUG:colcon.colcon_parallel_executor.executor.parallel:run_until_complete finished with '0'
[5.091s] DEBUG:colcon.colcon_core.event_reactor:joining thread
[5.095s] INFO:colcon.colcon_core.plugin_system:Skipping extension 'colcon_notification.desktop_notification.terminal_notifier': Not used on non-Darwin systems
[5.095s] INFO:colcon.colcon_core.plugin_system:Skipping extension 'colcon_notification.desktop_notification.win32': Not used on non-Windows systems
[5.095s] INFO:colcon.colcon_notification.desktop_notification:Sending desktop notification using 'notify2'
[5.104s] DEBUG:colcon.colcon_core.event_reactor:joined thread
[5.104s] INFO:colcon.colcon_core.shell:Creating prefix script '/home/caleb/Documents/robot_ws/install/local_setup.ps1'
[5.105s] INFO:colcon.colcon_core.shell:Creating prefix util module '/home/caleb/Documents/robot_ws/install/_local_setup_util_ps1.py'
[5.106s] INFO:colcon.colcon_core.shell:Creating prefix chain script '/home/caleb/Documents/robot_ws/install/setup.ps1'
[5.107s] INFO:colcon.colcon_core.shell:Creating prefix script '/home/caleb/Documents/robot_ws/install/local_setup.sh'
[5.108s] INFO:colcon.colcon_core.shell:Creating prefix util module '/home/caleb/Documents/robot_ws/install/_local_setup_util_sh.py'
[5.108s] INFO:colcon.colcon_core.shell:Creating prefix chain script '/home/caleb/Documents/robot_ws/install/setup.sh'
[5.109s] INFO:colcon.colcon_core.shell:Creating prefix script '/home/caleb/Documents/robot_ws/install/local_setup.bash'
[5.109s] INFO:colcon.colcon_core.shell:Creating prefix chain script '/home/caleb/Documents/robot_ws/install/setup.bash'
[5.110s] INFO:colcon.colcon_core.shell:Creating prefix script '/home/caleb/Documents/robot_ws/install/local_setup.zsh'
[5.110s] INFO:colcon.colcon_core.shell:Creating prefix chain script '/home/caleb/Documents/robot_ws/install/setup.zsh'
