running egg_info
creating ../../build/camera_detection/camera_detection.egg-info
writing ../../build/camera_detection/camera_detection.egg-info/PKG-INFO
writing dependency_links to ../../build/camera_detection/camera_detection.egg-info/dependency_links.txt
writing entry points to ../../build/camera_detection/camera_detection.egg-info/entry_points.txt
writing requirements to ../../build/camera_detection/camera_detection.egg-info/requires.txt
writing top-level names to ../../build/camera_detection/camera_detection.egg-info/top_level.txt
writing manifest file '../../build/camera_detection/camera_detection.egg-info/SOURCES.txt'
reading manifest file '../../build/camera_detection/camera_detection.egg-info/SOURCES.txt'
writing manifest file '../../build/camera_detection/camera_detection.egg-info/SOURCES.txt'
running build
running build_py
creating /home/caleb/Documents/robot_ws/build/camera_detection/build
creating /home/caleb/Documents/robot_ws/build/camera_detection/build/lib
creating /home/caleb/Documents/robot_ws/build/camera_detection/build/lib/camera_detection
copying camera_detection/__init__.py -> /home/caleb/Documents/robot_ws/build/camera_detection/build/lib/camera_detection
copying camera_detection/detection_service.py -> /home/caleb/Documents/robot_ws/build/camera_detection/build/lib/camera_detection
running install
running install_lib
creating /home/caleb/Documents/robot_ws/install/camera_detection/lib/python3.10/site-packages/camera_detection
copying /home/caleb/Documents/robot_ws/build/camera_detection/build/lib/camera_detection/__init__.py -> /home/caleb/Documents/robot_ws/install/camera_detection/lib/python3.10/site-packages/camera_detection
copying /home/caleb/Documents/robot_ws/build/camera_detection/build/lib/camera_detection/detection_service.py -> /home/caleb/Documents/robot_ws/install/camera_detection/lib/python3.10/site-packages/camera_detection
byte-compiling /home/caleb/Documents/robot_ws/install/camera_detection/lib/python3.10/site-packages/camera_detection/__init__.py to __init__.cpython-310.pyc
byte-compiling /home/caleb/Documents/robot_ws/install/camera_detection/lib/python3.10/site-packages/camera_detection/detection_service.py to detection_service.cpython-310.pyc
running install_data
creating /home/caleb/Documents/robot_ws/install/camera_detection/share/ament_index
creating /home/caleb/Documents/robot_ws/install/camera_detection/share/ament_index/resource_index
creating /home/caleb/Documents/robot_ws/install/camera_detection/share/ament_index/resource_index/packages
copying resource/camera_detection -> /home/caleb/Documents/robot_ws/install/camera_detection/share/ament_index/resource_index/packages
copying package.xml -> /home/caleb/Documents/robot_ws/install/camera_detection/share/camera_detection
creating /home/caleb/Documents/robot_ws/install/camera_detection/share/camera_detection/srv
copying srv/DetectPipe.srv -> /home/caleb/Documents/robot_ws/install/camera_detection/share/camera_detection/srv
running install_egg_info
Copying ../../build/camera_detection/camera_detection.egg-info to /home/caleb/Documents/robot_ws/install/camera_detection/lib/python3.10/site-packages/camera_detection-0.0.0-py3.10.egg-info
running install_scripts
Installing detection_service script to /home/caleb/Documents/robot_ws/install/camera_detection/lib/camera_detection
writing list of installed files to '/home/caleb/Documents/robot_ws/build/camera_detection/install.log'
