[0.667s] Invoking command in '/home/caleb/Documents/robot_ws/src/camera_detection': PYTHONPATH=/home/caleb/Documents/robot_ws/build/camera_detection/prefix_override:/usr/lib/python3/dist-packages/colcon_core/task/python/colcon_distutils_commands:/home/caleb/Documents/robot_ws/install/camera_detection/lib/python3.10/site-packages:${PYTHONPATH} /usr/bin/python3 -W ignore:setup.py install is deprecated -W ignore:easy_install command is deprecated setup.py egg_info --egg-base ../../build/camera_detection build --build-base /home/caleb/Documents/robot_ws/build/camera_detection/build install --record /home/caleb/Documents/robot_ws/build/camera_detection/install.log --single-version-externally-managed install_data
[0.851s] running egg_info
[0.851s] creating ../../build/camera_detection/camera_detection.egg-info
[0.851s] writing ../../build/camera_detection/camera_detection.egg-info/PKG-INFO
[0.851s] writing dependency_links to ../../build/camera_detection/camera_detection.egg-info/dependency_links.txt
[0.851s] writing entry points to ../../build/camera_detection/camera_detection.egg-info/entry_points.txt
[0.852s] writing requirements to ../../build/camera_detection/camera_detection.egg-info/requires.txt
[0.852s] writing top-level names to ../../build/camera_detection/camera_detection.egg-info/top_level.txt
[0.852s] writing manifest file '../../build/camera_detection/camera_detection.egg-info/SOURCES.txt'
[0.853s] reading manifest file '../../build/camera_detection/camera_detection.egg-info/SOURCES.txt'
[0.853s] writing manifest file '../../build/camera_detection/camera_detection.egg-info/SOURCES.txt'
[0.853s] running build
[0.853s] running build_py
[0.853s] creating /home/caleb/Documents/robot_ws/build/camera_detection/build
[0.854s] creating /home/caleb/Documents/robot_ws/build/camera_detection/build/lib
[0.854s] creating /home/caleb/Documents/robot_ws/build/camera_detection/build/lib/camera_detection
[0.854s] copying camera_detection/__init__.py -> /home/caleb/Documents/robot_ws/build/camera_detection/build/lib/camera_detection
[0.854s] copying camera_detection/detection_service.py -> /home/caleb/Documents/robot_ws/build/camera_detection/build/lib/camera_detection
[0.854s] running install
[0.854s] running install_lib
[0.855s] creating /home/caleb/Documents/robot_ws/install/camera_detection/lib/python3.10/site-packages/camera_detection
[0.855s] copying /home/caleb/Documents/robot_ws/build/camera_detection/build/lib/camera_detection/__init__.py -> /home/caleb/Documents/robot_ws/install/camera_detection/lib/python3.10/site-packages/camera_detection
[0.855s] copying /home/caleb/Documents/robot_ws/build/camera_detection/build/lib/camera_detection/detection_service.py -> /home/caleb/Documents/robot_ws/install/camera_detection/lib/python3.10/site-packages/camera_detection
[0.855s] byte-compiling /home/caleb/Documents/robot_ws/install/camera_detection/lib/python3.10/site-packages/camera_detection/__init__.py to __init__.cpython-310.pyc
[0.855s] byte-compiling /home/caleb/Documents/robot_ws/install/camera_detection/lib/python3.10/site-packages/camera_detection/detection_service.py to detection_service.cpython-310.pyc
[0.857s] running install_data
[0.857s] creating /home/caleb/Documents/robot_ws/install/camera_detection/share/ament_index
[0.857s] creating /home/caleb/Documents/robot_ws/install/camera_detection/share/ament_index/resource_index
[0.857s] creating /home/caleb/Documents/robot_ws/install/camera_detection/share/ament_index/resource_index/packages
[0.857s] copying resource/camera_detection -> /home/caleb/Documents/robot_ws/install/camera_detection/share/ament_index/resource_index/packages
[0.857s] copying package.xml -> /home/caleb/Documents/robot_ws/install/camera_detection/share/camera_detection
[0.857s] creating /home/caleb/Documents/robot_ws/install/camera_detection/share/camera_detection/srv
[0.857s] copying srv/DetectPipe.srv -> /home/caleb/Documents/robot_ws/install/camera_detection/share/camera_detection/srv
[0.857s] running install_egg_info
[0.858s] Copying ../../build/camera_detection/camera_detection.egg-info to /home/caleb/Documents/robot_ws/install/camera_detection/lib/python3.10/site-packages/camera_detection-0.0.0-py3.10.egg-info
[0.859s] running install_scripts
[0.874s] Installing detection_service script to /home/caleb/Documents/robot_ws/install/camera_detection/lib/camera_detection
[0.874s] writing list of installed files to '/home/caleb/Documents/robot_ws/build/camera_detection/install.log'
[0.890s] Invoked command in '/home/caleb/Documents/robot_ws/src/camera_detection' returned '0': PYTHONPATH=/home/caleb/Documents/robot_ws/build/camera_detection/prefix_override:/usr/lib/python3/dist-packages/colcon_core/task/python/colcon_distutils_commands:/home/caleb/Documents/robot_ws/install/camera_detection/lib/python3.10/site-packages:${PYTHONPATH} /usr/bin/python3 -W ignore:setup.py install is deprecated -W ignore:easy_install command is deprecated setup.py egg_info --egg-base ../../build/camera_detection build --build-base /home/caleb/Documents/robot_ws/build/camera_detection/build install --record /home/caleb/Documents/robot_ws/build/camera_detection/install.log --single-version-externally-managed install_data
