[0.009s] Invoking command in '/home/caleb/Documents/robot_ws/build/camera_detection_interfaces': CMAKE_PREFIX_PATH=/home/caleb/Documents/robot_ws/install/robot_bridge:/home/caleb/Documents/robot_ws/install/camera_detection:/opt/ros/humble /usr/bin/cmake /home/caleb/Documents/robot_ws/camera_detection_interfaces -DCMAKE_INSTALL_PREFIX=/home/caleb/Documents/robot_ws/install/camera_detection_interfaces
[0.019s] -- Found rosidl_default_generators: 1.2.1 (/opt/ros/humble/share/rosidl_default_generators/cmake)
[0.019s] -- Found ament_cmake_core: 1.3.14 (/opt/ros/humble/share/ament_cmake_core/cmake)
[0.116s] -- Using all available rosidl_typesupport_c: rosidl_typesupport_fastrtps_c;rosidl_typesupport_introspection_c
[0.118s] -- Found rosidl_adapter: 3.1.8 (/opt/ros/humble/share/rosidl_adapter/cmake)
[0.145s] -- Using all available rosidl_typesupport_cpp: rosidl_typesupport_fastrtps_cpp;rosidl_typesupport_introspection_cpp
[0.365s] -- Found ament_cmake_ros: 0.10.0 (/opt/ros/humble/share/ament_cmake_ros/cmake)
[0.534s] -- Using all available rosidl_typesupport_c: rosidl_typesupport_fastrtps_c;rosidl_typesupport_introspection_c
[0.748s] -- Using all available rosidl_typesupport_cpp: rosidl_typesupport_fastrtps_cpp;rosidl_typesupport_introspection_cpp
[0.771s] -- Found PythonInterp: /usr/bin/python3 (found suitable version "3.10.12", minimum required is "3.6") 
[0.773s] -- Found python_cmake_module: 0.10.0 (/opt/ros/humble/share/python_cmake_module/cmake)
[0.801s] -- Found PythonLibs: /usr/lib/x86_64-linux-gnu/libpython3.10.so (found suitable version "3.10.12", minimum required is "3.5") 
[0.801s] -- Using PYTHON_EXECUTABLE: /usr/bin/python3
[0.801s] -- Using PYTHON_INCLUDE_DIRS: /usr/include/python3.10
[0.801s] -- Using PYTHON_LIBRARIES: /usr/lib/x86_64-linux-gnu/libpython3.10.so
[0.823s] -- Found PythonExtra: .so  
[0.917s] -- Configuring done
[0.940s] -- Generating done
[0.948s] -- Build files have been written to: /home/caleb/Documents/robot_ws/build/camera_detection_interfaces
[0.953s] Invoked command in '/home/caleb/Documents/robot_ws/build/camera_detection_interfaces' returned '0': CMAKE_PREFIX_PATH=/home/caleb/Documents/robot_ws/install/robot_bridge:/home/caleb/Documents/robot_ws/install/camera_detection:/opt/ros/humble /usr/bin/cmake /home/caleb/Documents/robot_ws/camera_detection_interfaces -DCMAKE_INSTALL_PREFIX=/home/caleb/Documents/robot_ws/install/camera_detection_interfaces
[0.955s] Invoking command in '/home/caleb/Documents/robot_ws/build/camera_detection_interfaces': CMAKE_PREFIX_PATH=/home/caleb/Documents/robot_ws/install/robot_bridge:/home/caleb/Documents/robot_ws/install/camera_detection:/opt/ros/humble /usr/bin/cmake --build /home/caleb/Documents/robot_ws/build/camera_detection_interfaces -- -j16 -l16
[0.990s] [  3%] [34m[1mGenerating C code for ROS interfaces[0m
[0.998s] [  6%] [34m[1mGenerating Rust code for ROS interfaces[0m
[0.998s] [  9%] [34m[1mGenerating C++ code for ROS interfaces[0m
[1.006s] [  9%] Built target ament_cmake_python_copy_camera_detection_interfaces
[1.158s] [  9%] Built target camera_detection_interfaces__rs
[1.187s] [  9%] Built target camera_detection_interfaces__cpp
[1.188s] [ 12%] [32mBuilding C object CMakeFiles/camera_detection_interfaces__rosidl_generator_c.dir/rosidl_generator_c/camera_detection_interfaces/srv/detail/detect_pipe__functions.c.o[0m
[1.196s] [ 21%] [34m[1mGenerating C++ introspection for ROS interfaces[0m
[1.197s] [ 21%] [34m[1mGenerating C++ type support dispatch for ROS interfaces[0m
[1.197s] [ 21%] [34m[1mGenerating C++ type support for eProsima Fast-RTPS[0m
[1.204s] running egg_info
[1.204s] creating camera_detection_interfaces.egg-info
[1.204s] writing camera_detection_interfaces.egg-info/PKG-INFO
[1.204s] writing dependency_links to camera_detection_interfaces.egg-info/dependency_links.txt
[1.204s] writing top-level names to camera_detection_interfaces.egg-info/top_level.txt
[1.205s] writing manifest file 'camera_detection_interfaces.egg-info/SOURCES.txt'
[1.206s] reading manifest file 'camera_detection_interfaces.egg-info/SOURCES.txt'
[1.207s] writing manifest file 'camera_detection_interfaces.egg-info/SOURCES.txt'
[1.236s] [ 21%] Built target ament_cmake_python_build_camera_detection_interfaces_egg
[1.242s] [ 25%] [32m[1mLinking C shared library libcamera_detection_interfaces__rosidl_generator_c.so[0m
[1.276s] [ 25%] Built target camera_detection_interfaces__rosidl_generator_c
[1.285s] [ 34%] [34m[1mGenerating C introspection for ROS interfaces[0m
[1.285s] [ 34%] [34m[1mGenerating C type support for eProsima Fast-RTPS[0m
[1.285s] [ 34%] [34m[1mGenerating C type support dispatch for ROS interfaces[0m
[1.367s] [ 37%] [32mBuilding CXX object CMakeFiles/camera_detection_interfaces__rosidl_typesupport_cpp.dir/rosidl_typesupport_cpp/camera_detection_interfaces/srv/detect_pipe__type_support.cpp.o[0m
[1.384s] [ 43%] [32mBuilding CXX object CMakeFiles/camera_detection_interfaces__rosidl_typesupport_fastrtps_cpp.dir/rosidl_typesupport_fastrtps_cpp/camera_detection_interfaces/srv/detail/dds_fastrtps/detect_pipe__type_support.cpp.o[0m
[1.385s] [ 43%] [32mBuilding CXX object CMakeFiles/camera_detection_interfaces__rosidl_typesupport_introspection_cpp.dir/rosidl_typesupport_introspection_cpp/camera_detection_interfaces/srv/detail/detect_pipe__type_support.cpp.o[0m
[1.449s] [ 46%] [32mBuilding CXX object CMakeFiles/camera_detection_interfaces__rosidl_typesupport_c.dir/rosidl_typesupport_c/camera_detection_interfaces/srv/detect_pipe__type_support.cpp.o[0m
[1.476s] [ 53%] [32mBuilding CXX object CMakeFiles/camera_detection_interfaces__rosidl_typesupport_fastrtps_c.dir/rosidl_typesupport_fastrtps_c/camera_detection_interfaces/srv/detail/detect_pipe__type_support_c.cpp.o[0m
[1.476s] [ 53%] [32m[1mLinking CXX shared library libcamera_detection_interfaces__rosidl_typesupport_c.so[0m
[1.480s] [ 56%] [32mBuilding C object CMakeFiles/camera_detection_interfaces__rosidl_typesupport_introspection_c.dir/rosidl_typesupport_introspection_c/camera_detection_interfaces/srv/detail/detect_pipe__type_support.c.o[0m
[1.519s] [ 59%] [32m[1mLinking C shared library libcamera_detection_interfaces__rosidl_typesupport_introspection_c.so[0m
[1.519s] [ 59%] Built target camera_detection_interfaces__rosidl_typesupport_c
[1.549s] [ 59%] Built target camera_detection_interfaces__rosidl_typesupport_introspection_c
[1.573s] [ 62%] [32m[1mLinking CXX shared library libcamera_detection_interfaces__rosidl_typesupport_cpp.so[0m
[1.611s] [ 62%] Built target camera_detection_interfaces__rosidl_typesupport_cpp
[1.679s] [ 65%] [32m[1mLinking CXX shared library libcamera_detection_interfaces__rosidl_typesupport_introspection_cpp.so[0m
[1.695s] [ 68%] [32m[1mLinking CXX shared library libcamera_detection_interfaces__rosidl_typesupport_fastrtps_cpp.so[0m
[1.734s] [ 68%] Built target camera_detection_interfaces__rosidl_typesupport_introspection_cpp
[1.741s] [ 71%] [32m[1mLinking CXX shared library libcamera_detection_interfaces__rosidl_typesupport_fastrtps_c.so[0m
[1.760s] [ 71%] Built target camera_detection_interfaces__rosidl_typesupport_fastrtps_cpp
[1.800s] [ 71%] Built target camera_detection_interfaces__rosidl_typesupport_fastrtps_c
[1.818s] [ 71%] Built target camera_detection_interfaces
[1.836s] [ 75%] [34m[1mGenerating Python code for ROS interfaces[0m
[2.076s] [ 75%] Built target camera_detection_interfaces__py
[2.093s] [ 78%] [32mBuilding C object CMakeFiles/camera_detection_interfaces__rosidl_generator_py.dir/rosidl_generator_py/camera_detection_interfaces/srv/_detect_pipe_s.c.o[0m
[2.193s] [ 81%] [32m[1mLinking C shared library rosidl_generator_py/camera_detection_interfaces/libcamera_detection_interfaces__rosidl_generator_py.so[0m
[2.226s] [ 81%] Built target camera_detection_interfaces__rosidl_generator_py
[2.245s] [ 90%] [32mBuilding C object CMakeFiles/camera_detection_interfaces__rosidl_typesupport_c__pyext.dir/rosidl_generator_py/camera_detection_interfaces/_camera_detection_interfaces_s.ep.rosidl_typesupport_c.c.o[0m
[2.245s] [ 90%] [32mBuilding C object CMakeFiles/camera_detection_interfaces__rosidl_typesupport_fastrtps_c__pyext.dir/rosidl_generator_py/camera_detection_interfaces/_camera_detection_interfaces_s.ep.rosidl_typesupport_fastrtps_c.c.o[0m
[2.245s] [ 90%] [32mBuilding C object CMakeFiles/camera_detection_interfaces__rosidl_typesupport_introspection_c__pyext.dir/rosidl_generator_py/camera_detection_interfaces/_camera_detection_interfaces_s.ep.rosidl_typesupport_introspection_c.c.o[0m
[2.315s] [ 96%] [32m[1mLinking C shared library rosidl_generator_py/camera_detection_interfaces/camera_detection_interfaces_s__rosidl_typesupport_c.cpython-310-x86_64-linux-gnu.so[0m
[2.315s] [ 96%] [32m[1mLinking C shared library rosidl_generator_py/camera_detection_interfaces/camera_detection_interfaces_s__rosidl_typesupport_introspection_c.cpython-310-x86_64-linux-gnu.so[0m
[2.317s] [100%] [32m[1mLinking C shared library rosidl_generator_py/camera_detection_interfaces/camera_detection_interfaces_s__rosidl_typesupport_fastrtps_c.cpython-310-x86_64-linux-gnu.so[0m
[2.344s] [100%] Built target camera_detection_interfaces__rosidl_typesupport_c__pyext
[2.344s] [100%] Built target camera_detection_interfaces__rosidl_typesupport_introspection_c__pyext
[2.345s] [100%] Built target camera_detection_interfaces__rosidl_typesupport_fastrtps_c__pyext
[2.356s] Invoked command in '/home/caleb/Documents/robot_ws/build/camera_detection_interfaces' returned '0': CMAKE_PREFIX_PATH=/home/caleb/Documents/robot_ws/install/robot_bridge:/home/caleb/Documents/robot_ws/install/camera_detection:/opt/ros/humble /usr/bin/cmake --build /home/caleb/Documents/robot_ws/build/camera_detection_interfaces -- -j16 -l16
[2.364s] Invoking command in '/home/caleb/Documents/robot_ws/build/camera_detection_interfaces': CMAKE_PREFIX_PATH=/home/caleb/Documents/robot_ws/install/robot_bridge:/home/caleb/Documents/robot_ws/install/camera_detection:/opt/ros/humble /usr/bin/cmake --install /home/caleb/Documents/robot_ws/build/camera_detection_interfaces
[2.371s] -- Install configuration: ""
[2.371s] -- Installing: /home/caleb/Documents/robot_ws/install/camera_detection_interfaces/share/ament_index/resource_index/rosidl_interfaces/camera_detection_interfaces
[2.371s] -- Installing: /home/caleb/Documents/robot_ws/install/camera_detection_interfaces/include/camera_detection_interfaces/camera_detection_interfaces
[2.372s] -- Installing: /home/caleb/Documents/robot_ws/install/camera_detection_interfaces/include/camera_detection_interfaces/camera_detection_interfaces/srv
[2.372s] -- Installing: /home/caleb/Documents/robot_ws/install/camera_detection_interfaces/include/camera_detection_interfaces/camera_detection_interfaces/srv/detect_pipe.h
[2.372s] -- Installing: /home/caleb/Documents/robot_ws/install/camera_detection_interfaces/include/camera_detection_interfaces/camera_detection_interfaces/srv/detail
[2.372s] -- Installing: /home/caleb/Documents/robot_ws/install/camera_detection_interfaces/include/camera_detection_interfaces/camera_detection_interfaces/srv/detail/detect_pipe__functions.h
[2.372s] -- Installing: /home/caleb/Documents/robot_ws/install/camera_detection_interfaces/include/camera_detection_interfaces/camera_detection_interfaces/srv/detail/detect_pipe__struct.h
[2.372s] -- Installing: /home/caleb/Documents/robot_ws/install/camera_detection_interfaces/include/camera_detection_interfaces/camera_detection_interfaces/srv/detail/detect_pipe__functions.c
[2.372s] -- Installing: /home/caleb/Documents/robot_ws/install/camera_detection_interfaces/include/camera_detection_interfaces/camera_detection_interfaces/srv/detail/detect_pipe__type_support.h
[2.372s] -- Installing: /home/caleb/Documents/robot_ws/install/camera_detection_interfaces/include/camera_detection_interfaces/camera_detection_interfaces/msg
[2.372s] -- Installing: /home/caleb/Documents/robot_ws/install/camera_detection_interfaces/include/camera_detection_interfaces/camera_detection_interfaces/msg/rosidl_generator_c__visibility_control.h
[2.372s] -- Installing: /home/caleb/Documents/robot_ws/install/camera_detection_interfaces/share/camera_detection_interfaces/environment/library_path.sh
[2.373s] -- Installing: /home/caleb/Documents/robot_ws/install/camera_detection_interfaces/share/camera_detection_interfaces/environment/library_path.dsv
[2.373s] -- Installing: /home/caleb/Documents/robot_ws/install/camera_detection_interfaces/lib/libcamera_detection_interfaces__rosidl_generator_c.so
[2.373s] -- Set runtime path of "/home/caleb/Documents/robot_ws/install/camera_detection_interfaces/lib/libcamera_detection_interfaces__rosidl_generator_c.so" to ""
[2.373s] -- Up-to-date: /home/caleb/Documents/robot_ws/install/camera_detection_interfaces/include/camera_detection_interfaces/camera_detection_interfaces
[2.373s] -- Up-to-date: /home/caleb/Documents/robot_ws/install/camera_detection_interfaces/include/camera_detection_interfaces/camera_detection_interfaces/srv
[2.373s] -- Up-to-date: /home/caleb/Documents/robot_ws/install/camera_detection_interfaces/include/camera_detection_interfaces/camera_detection_interfaces/srv/detail
[2.373s] -- Installing: /home/caleb/Documents/robot_ws/install/camera_detection_interfaces/include/camera_detection_interfaces/camera_detection_interfaces/srv/detail/detect_pipe__rosidl_typesupport_fastrtps_c.h
[2.373s] -- Up-to-date: /home/caleb/Documents/robot_ws/install/camera_detection_interfaces/include/camera_detection_interfaces/camera_detection_interfaces/msg
[2.373s] -- Installing: /home/caleb/Documents/robot_ws/install/camera_detection_interfaces/include/camera_detection_interfaces/camera_detection_interfaces/msg/rosidl_typesupport_fastrtps_c__visibility_control.h
[2.374s] -- Installing: /home/caleb/Documents/robot_ws/install/camera_detection_interfaces/lib/libcamera_detection_interfaces__rosidl_typesupport_fastrtps_c.so
[2.374s] -- Set runtime path of "/home/caleb/Documents/robot_ws/install/camera_detection_interfaces/lib/libcamera_detection_interfaces__rosidl_typesupport_fastrtps_c.so" to ""
[2.374s] -- Up-to-date: /home/caleb/Documents/robot_ws/install/camera_detection_interfaces/include/camera_detection_interfaces/camera_detection_interfaces
[2.374s] -- Up-to-date: /home/caleb/Documents/robot_ws/install/camera_detection_interfaces/include/camera_detection_interfaces/camera_detection_interfaces/srv
[2.374s] -- Up-to-date: /home/caleb/Documents/robot_ws/install/camera_detection_interfaces/include/camera_detection_interfaces/camera_detection_interfaces/srv/detail
[2.374s] -- Installing: /home/caleb/Documents/robot_ws/install/camera_detection_interfaces/include/camera_detection_interfaces/camera_detection_interfaces/srv/detail/detect_pipe__rosidl_typesupport_introspection_c.h
[2.374s] -- Installing: /home/caleb/Documents/robot_ws/install/camera_detection_interfaces/include/camera_detection_interfaces/camera_detection_interfaces/srv/detail/detect_pipe__type_support.c
[2.374s] -- Up-to-date: /home/caleb/Documents/robot_ws/install/camera_detection_interfaces/include/camera_detection_interfaces/camera_detection_interfaces/msg
[2.374s] -- Installing: /home/caleb/Documents/robot_ws/install/camera_detection_interfaces/include/camera_detection_interfaces/camera_detection_interfaces/msg/rosidl_typesupport_introspection_c__visibility_control.h
[2.374s] -- Installing: /home/caleb/Documents/robot_ws/install/camera_detection_interfaces/lib/libcamera_detection_interfaces__rosidl_typesupport_introspection_c.so
[2.375s] -- Set runtime path of "/home/caleb/Documents/robot_ws/install/camera_detection_interfaces/lib/libcamera_detection_interfaces__rosidl_typesupport_introspection_c.so" to ""
[2.375s] -- Installing: /home/caleb/Documents/robot_ws/install/camera_detection_interfaces/lib/libcamera_detection_interfaces__rosidl_typesupport_c.so
[2.375s] -- Set runtime path of "/home/caleb/Documents/robot_ws/install/camera_detection_interfaces/lib/libcamera_detection_interfaces__rosidl_typesupport_c.so" to ""
[2.375s] -- Up-to-date: /home/caleb/Documents/robot_ws/install/camera_detection_interfaces/include/camera_detection_interfaces/camera_detection_interfaces
[2.375s] -- Up-to-date: /home/caleb/Documents/robot_ws/install/camera_detection_interfaces/include/camera_detection_interfaces/camera_detection_interfaces/srv
[2.375s] -- Installing: /home/caleb/Documents/robot_ws/install/camera_detection_interfaces/include/camera_detection_interfaces/camera_detection_interfaces/srv/detect_pipe.hpp
[2.375s] -- Up-to-date: /home/caleb/Documents/robot_ws/install/camera_detection_interfaces/include/camera_detection_interfaces/camera_detection_interfaces/srv/detail
[2.375s] -- Installing: /home/caleb/Documents/robot_ws/install/camera_detection_interfaces/include/camera_detection_interfaces/camera_detection_interfaces/srv/detail/detect_pipe__traits.hpp
[2.375s] -- Installing: /home/caleb/Documents/robot_ws/install/camera_detection_interfaces/include/camera_detection_interfaces/camera_detection_interfaces/srv/detail/detect_pipe__builder.hpp
[2.375s] -- Installing: /home/caleb/Documents/robot_ws/install/camera_detection_interfaces/include/camera_detection_interfaces/camera_detection_interfaces/srv/detail/detect_pipe__type_support.hpp
[2.375s] -- Installing: /home/caleb/Documents/robot_ws/install/camera_detection_interfaces/include/camera_detection_interfaces/camera_detection_interfaces/srv/detail/detect_pipe__struct.hpp
[2.376s] -- Up-to-date: /home/caleb/Documents/robot_ws/install/camera_detection_interfaces/include/camera_detection_interfaces/camera_detection_interfaces/msg
[2.376s] -- Installing: /home/caleb/Documents/robot_ws/install/camera_detection_interfaces/include/camera_detection_interfaces/camera_detection_interfaces/msg/rosidl_generator_cpp__visibility_control.hpp
[2.376s] -- Up-to-date: /home/caleb/Documents/robot_ws/install/camera_detection_interfaces/include/camera_detection_interfaces/camera_detection_interfaces
[2.376s] -- Up-to-date: /home/caleb/Documents/robot_ws/install/camera_detection_interfaces/include/camera_detection_interfaces/camera_detection_interfaces/srv
[2.376s] -- Up-to-date: /home/caleb/Documents/robot_ws/install/camera_detection_interfaces/include/camera_detection_interfaces/camera_detection_interfaces/srv/detail
[2.376s] -- Installing: /home/caleb/Documents/robot_ws/install/camera_detection_interfaces/include/camera_detection_interfaces/camera_detection_interfaces/srv/detail/detect_pipe__rosidl_typesupport_fastrtps_cpp.hpp
[2.376s] -- Installing: /home/caleb/Documents/robot_ws/install/camera_detection_interfaces/include/camera_detection_interfaces/camera_detection_interfaces/srv/detail/dds_fastrtps
[2.376s] -- Up-to-date: /home/caleb/Documents/robot_ws/install/camera_detection_interfaces/include/camera_detection_interfaces/camera_detection_interfaces/msg
[2.376s] -- Installing: /home/caleb/Documents/robot_ws/install/camera_detection_interfaces/include/camera_detection_interfaces/camera_detection_interfaces/msg/rosidl_typesupport_fastrtps_cpp__visibility_control.h
[2.376s] -- Installing: /home/caleb/Documents/robot_ws/install/camera_detection_interfaces/lib/libcamera_detection_interfaces__rosidl_typesupport_fastrtps_cpp.so
[2.376s] -- Set runtime path of "/home/caleb/Documents/robot_ws/install/camera_detection_interfaces/lib/libcamera_detection_interfaces__rosidl_typesupport_fastrtps_cpp.so" to ""
[2.377s] -- Up-to-date: /home/caleb/Documents/robot_ws/install/camera_detection_interfaces/include/camera_detection_interfaces/camera_detection_interfaces
[2.377s] -- Up-to-date: /home/caleb/Documents/robot_ws/install/camera_detection_interfaces/include/camera_detection_interfaces/camera_detection_interfaces/srv
[2.377s] -- Up-to-date: /home/caleb/Documents/robot_ws/install/camera_detection_interfaces/include/camera_detection_interfaces/camera_detection_interfaces/srv/detail
[2.377s] -- Installing: /home/caleb/Documents/robot_ws/install/camera_detection_interfaces/include/camera_detection_interfaces/camera_detection_interfaces/srv/detail/detect_pipe__rosidl_typesupport_introspection_cpp.hpp
[2.377s] -- Installing: /home/caleb/Documents/robot_ws/install/camera_detection_interfaces/include/camera_detection_interfaces/camera_detection_interfaces/srv/detail/detect_pipe__type_support.cpp
[2.377s] -- Installing: /home/caleb/Documents/robot_ws/install/camera_detection_interfaces/lib/libcamera_detection_interfaces__rosidl_typesupport_introspection_cpp.so
[2.377s] -- Set runtime path of "/home/caleb/Documents/robot_ws/install/camera_detection_interfaces/lib/libcamera_detection_interfaces__rosidl_typesupport_introspection_cpp.so" to ""
[2.377s] -- Installing: /home/caleb/Documents/robot_ws/install/camera_detection_interfaces/lib/libcamera_detection_interfaces__rosidl_typesupport_cpp.so
[2.378s] -- Set runtime path of "/home/caleb/Documents/robot_ws/install/camera_detection_interfaces/lib/libcamera_detection_interfaces__rosidl_typesupport_cpp.so" to ""
[2.378s] -- Installing: /home/caleb/Documents/robot_ws/install/camera_detection_interfaces/share/camera_detection_interfaces/environment/pythonpath.sh
[2.378s] -- Installing: /home/caleb/Documents/robot_ws/install/camera_detection_interfaces/share/camera_detection_interfaces/environment/pythonpath.dsv
[2.378s] -- Installing: /home/caleb/Documents/robot_ws/install/camera_detection_interfaces/local/lib/python3.10/dist-packages/camera_detection_interfaces-0.0.1-py3.10.egg-info
[2.378s] -- Installing: /home/caleb/Documents/robot_ws/install/camera_detection_interfaces/local/lib/python3.10/dist-packages/camera_detection_interfaces-0.0.1-py3.10.egg-info/dependency_links.txt
[2.378s] -- Installing: /home/caleb/Documents/robot_ws/install/camera_detection_interfaces/local/lib/python3.10/dist-packages/camera_detection_interfaces-0.0.1-py3.10.egg-info/top_level.txt
[2.378s] -- Installing: /home/caleb/Documents/robot_ws/install/camera_detection_interfaces/local/lib/python3.10/dist-packages/camera_detection_interfaces-0.0.1-py3.10.egg-info/PKG-INFO
[2.378s] -- Installing: /home/caleb/Documents/robot_ws/install/camera_detection_interfaces/local/lib/python3.10/dist-packages/camera_detection_interfaces-0.0.1-py3.10.egg-info/SOURCES.txt
[2.378s] -- Installing: /home/caleb/Documents/robot_ws/install/camera_detection_interfaces/local/lib/python3.10/dist-packages/camera_detection_interfaces
[2.378s] -- Installing: /home/caleb/Documents/robot_ws/install/camera_detection_interfaces/local/lib/python3.10/dist-packages/camera_detection_interfaces/__init__.py
[2.382s] -- Installing: /home/caleb/Documents/robot_ws/install/camera_detection_interfaces/local/lib/python3.10/dist-packages/camera_detection_interfaces/_camera_detection_interfaces_s.ep.rosidl_typesupport_fastrtps_c.c
[2.382s] -- Installing: /home/caleb/Documents/robot_ws/install/camera_detection_interfaces/local/lib/python3.10/dist-packages/camera_detection_interfaces/_camera_detection_interfaces_s.ep.rosidl_typesupport_c.c
[2.382s] -- Installing: /home/caleb/Documents/robot_ws/install/camera_detection_interfaces/local/lib/python3.10/dist-packages/camera_detection_interfaces/srv
[2.382s] -- Installing: /home/caleb/Documents/robot_ws/install/camera_detection_interfaces/local/lib/python3.10/dist-packages/camera_detection_interfaces/srv/__init__.py
[2.382s] -- Installing: /home/caleb/Documents/robot_ws/install/camera_detection_interfaces/local/lib/python3.10/dist-packages/camera_detection_interfaces/srv/_detect_pipe_s.c
[2.382s] -- Installing: /home/caleb/Documents/robot_ws/install/camera_detection_interfaces/local/lib/python3.10/dist-packages/camera_detection_interfaces/srv/_detect_pipe.py
[2.382s] -- Installing: /home/caleb/Documents/robot_ws/install/camera_detection_interfaces/local/lib/python3.10/dist-packages/camera_detection_interfaces/camera_detection_interfaces_s__rosidl_typesupport_fastrtps_c.cpython-310-x86_64-linux-gnu.so
[2.382s] -- Installing: /home/caleb/Documents/robot_ws/install/camera_detection_interfaces/local/lib/python3.10/dist-packages/camera_detection_interfaces/camera_detection_interfaces_s__rosidl_typesupport_c.cpython-310-x86_64-linux-gnu.so
[2.382s] -- Installing: /home/caleb/Documents/robot_ws/install/camera_detection_interfaces/local/lib/python3.10/dist-packages/camera_detection_interfaces/_camera_detection_interfaces_s.ep.rosidl_typesupport_introspection_c.c
[2.382s] -- Installing: /home/caleb/Documents/robot_ws/install/camera_detection_interfaces/local/lib/python3.10/dist-packages/camera_detection_interfaces/camera_detection_interfaces_s__rosidl_typesupport_introspection_c.cpython-310-x86_64-linux-gnu.so
[2.382s] -- Installing: /home/caleb/Documents/robot_ws/install/camera_detection_interfaces/local/lib/python3.10/dist-packages/camera_detection_interfaces/libcamera_detection_interfaces__rosidl_generator_py.so
[2.406s] Listing '/home/caleb/Documents/robot_ws/install/camera_detection_interfaces/local/lib/python3.10/dist-packages/camera_detection_interfaces'...
[2.406s] Compiling '/home/caleb/Documents/robot_ws/install/camera_detection_interfaces/local/lib/python3.10/dist-packages/camera_detection_interfaces/__init__.py'...
[2.406s] Listing '/home/caleb/Documents/robot_ws/install/camera_detection_interfaces/local/lib/python3.10/dist-packages/camera_detection_interfaces/srv'...
[2.406s] Compiling '/home/caleb/Documents/robot_ws/install/camera_detection_interfaces/local/lib/python3.10/dist-packages/camera_detection_interfaces/srv/__init__.py'...
[2.406s] Compiling '/home/caleb/Documents/robot_ws/install/camera_detection_interfaces/local/lib/python3.10/dist-packages/camera_detection_interfaces/srv/_detect_pipe.py'...
[2.410s] -- Installing: /home/caleb/Documents/robot_ws/install/camera_detection_interfaces/local/lib/python3.10/dist-packages/camera_detection_interfaces/camera_detection_interfaces_s__rosidl_typesupport_fastrtps_c.cpython-310-x86_64-linux-gnu.so
[2.410s] -- Set runtime path of "/home/caleb/Documents/robot_ws/install/camera_detection_interfaces/local/lib/python3.10/dist-packages/camera_detection_interfaces/camera_detection_interfaces_s__rosidl_typesupport_fastrtps_c.cpython-310-x86_64-linux-gnu.so" to ""
[2.410s] -- Installing: /home/caleb/Documents/robot_ws/install/camera_detection_interfaces/local/lib/python3.10/dist-packages/camera_detection_interfaces/camera_detection_interfaces_s__rosidl_typesupport_introspection_c.cpython-310-x86_64-linux-gnu.so
[2.411s] -- Set runtime path of "/home/caleb/Documents/robot_ws/install/camera_detection_interfaces/local/lib/python3.10/dist-packages/camera_detection_interfaces/camera_detection_interfaces_s__rosidl_typesupport_introspection_c.cpython-310-x86_64-linux-gnu.so" to ""
[2.411s] -- Installing: /home/caleb/Documents/robot_ws/install/camera_detection_interfaces/local/lib/python3.10/dist-packages/camera_detection_interfaces/camera_detection_interfaces_s__rosidl_typesupport_c.cpython-310-x86_64-linux-gnu.so
[2.411s] -- Set runtime path of "/home/caleb/Documents/robot_ws/install/camera_detection_interfaces/local/lib/python3.10/dist-packages/camera_detection_interfaces/camera_detection_interfaces_s__rosidl_typesupport_c.cpython-310-x86_64-linux-gnu.so" to ""
[2.411s] -- Installing: /home/caleb/Documents/robot_ws/install/camera_detection_interfaces/lib/libcamera_detection_interfaces__rosidl_generator_py.so
[2.412s] -- Set runtime path of "/home/caleb/Documents/robot_ws/install/camera_detection_interfaces/lib/libcamera_detection_interfaces__rosidl_generator_py.so" to ""
[2.412s] -- Installing: /home/caleb/Documents/robot_ws/install/camera_detection_interfaces/share/ament_index/resource_index/rust_packages/camera_detection_interfaces
[2.412s] -- Installing: /home/caleb/Documents/robot_ws/install/camera_detection_interfaces/share/camera_detection_interfaces/rust
[2.412s] -- Installing: /home/caleb/Documents/robot_ws/install/camera_detection_interfaces/share/camera_detection_interfaces/rust/src
[2.412s] -- Installing: /home/caleb/Documents/robot_ws/install/camera_detection_interfaces/share/camera_detection_interfaces/rust/src/srv
[2.412s] -- Installing: /home/caleb/Documents/robot_ws/install/camera_detection_interfaces/share/camera_detection_interfaces/rust/src/srv/rmw.rs
[2.412s] -- Installing: /home/caleb/Documents/robot_ws/install/camera_detection_interfaces/share/camera_detection_interfaces/rust/src/srv.rs
[2.412s] -- Installing: /home/caleb/Documents/robot_ws/install/camera_detection_interfaces/share/camera_detection_interfaces/rust/src/lib.rs
[2.412s] -- Installing: /home/caleb/Documents/robot_ws/install/camera_detection_interfaces/share/camera_detection_interfaces/rust/Cargo.toml
[2.412s] -- Installing: /home/caleb/Documents/robot_ws/install/camera_detection_interfaces/share/camera_detection_interfaces/rust/build.rs
[2.412s] -- Installing: /home/caleb/Documents/robot_ws/install/camera_detection_interfaces/share/camera_detection_interfaces/srv/DetectPipe.idl
[2.413s] -- Installing: /home/caleb/Documents/robot_ws/install/camera_detection_interfaces/share/camera_detection_interfaces/srv/DetectPipe.srv
[2.413s] -- Installing: /home/caleb/Documents/robot_ws/install/camera_detection_interfaces/share/camera_detection_interfaces/srv/DetectPipe_Request.msg
[2.413s] -- Installing: /home/caleb/Documents/robot_ws/install/camera_detection_interfaces/share/camera_detection_interfaces/srv/DetectPipe_Response.msg
[2.413s] -- Installing: /home/caleb/Documents/robot_ws/install/camera_detection_interfaces/share/ament_index/resource_index/package_run_dependencies/camera_detection_interfaces
[2.413s] -- Installing: /home/caleb/Documents/robot_ws/install/camera_detection_interfaces/share/ament_index/resource_index/parent_prefix_path/camera_detection_interfaces
[2.413s] -- Installing: /home/caleb/Documents/robot_ws/install/camera_detection_interfaces/share/camera_detection_interfaces/environment/ament_prefix_path.sh
[2.414s] -- Installing: /home/caleb/Documents/robot_ws/install/camera_detection_interfaces/share/camera_detection_interfaces/environment/ament_prefix_path.dsv
[2.414s] -- Installing: /home/caleb/Documents/robot_ws/install/camera_detection_interfaces/share/camera_detection_interfaces/environment/path.sh
[2.414s] -- Installing: /home/caleb/Documents/robot_ws/install/camera_detection_interfaces/share/camera_detection_interfaces/environment/path.dsv
[2.414s] -- Installing: /home/caleb/Documents/robot_ws/install/camera_detection_interfaces/share/camera_detection_interfaces/local_setup.bash
[2.414s] -- Installing: /home/caleb/Documents/robot_ws/install/camera_detection_interfaces/share/camera_detection_interfaces/local_setup.sh
[2.414s] -- Installing: /home/caleb/Documents/robot_ws/install/camera_detection_interfaces/share/camera_detection_interfaces/local_setup.zsh
[2.414s] -- Installing: /home/caleb/Documents/robot_ws/install/camera_detection_interfaces/share/camera_detection_interfaces/local_setup.dsv
[2.415s] -- Installing: /home/caleb/Documents/robot_ws/install/camera_detection_interfaces/share/camera_detection_interfaces/package.dsv
[2.415s] -- Installing: /home/caleb/Documents/robot_ws/install/camera_detection_interfaces/share/ament_index/resource_index/packages/camera_detection_interfaces
[2.415s] -- Installing: /home/caleb/Documents/robot_ws/install/camera_detection_interfaces/share/camera_detection_interfaces/cmake/export_camera_detection_interfaces__rosidl_generator_cExport.cmake
[2.415s] -- Installing: /home/caleb/Documents/robot_ws/install/camera_detection_interfaces/share/camera_detection_interfaces/cmake/export_camera_detection_interfaces__rosidl_generator_cExport-noconfig.cmake
[2.415s] -- Installing: /home/caleb/Documents/robot_ws/install/camera_detection_interfaces/share/camera_detection_interfaces/cmake/export_camera_detection_interfaces__rosidl_typesupport_fastrtps_cExport.cmake
[2.415s] -- Installing: /home/caleb/Documents/robot_ws/install/camera_detection_interfaces/share/camera_detection_interfaces/cmake/export_camera_detection_interfaces__rosidl_typesupport_fastrtps_cExport-noconfig.cmake
[2.415s] -- Installing: /home/caleb/Documents/robot_ws/install/camera_detection_interfaces/share/camera_detection_interfaces/cmake/camera_detection_interfaces__rosidl_typesupport_introspection_cExport.cmake
[2.416s] -- Installing: /home/caleb/Documents/robot_ws/install/camera_detection_interfaces/share/camera_detection_interfaces/cmake/camera_detection_interfaces__rosidl_typesupport_introspection_cExport-noconfig.cmake
[2.416s] -- Installing: /home/caleb/Documents/robot_ws/install/camera_detection_interfaces/share/camera_detection_interfaces/cmake/camera_detection_interfaces__rosidl_typesupport_cExport.cmake
[2.416s] -- Installing: /home/caleb/Documents/robot_ws/install/camera_detection_interfaces/share/camera_detection_interfaces/cmake/camera_detection_interfaces__rosidl_typesupport_cExport-noconfig.cmake
[2.416s] -- Installing: /home/caleb/Documents/robot_ws/install/camera_detection_interfaces/share/camera_detection_interfaces/cmake/export_camera_detection_interfaces__rosidl_generator_cppExport.cmake
[2.416s] -- Installing: /home/caleb/Documents/robot_ws/install/camera_detection_interfaces/share/camera_detection_interfaces/cmake/export_camera_detection_interfaces__rosidl_typesupport_fastrtps_cppExport.cmake
[2.416s] -- Installing: /home/caleb/Documents/robot_ws/install/camera_detection_interfaces/share/camera_detection_interfaces/cmake/export_camera_detection_interfaces__rosidl_typesupport_fastrtps_cppExport-noconfig.cmake
[2.416s] -- Installing: /home/caleb/Documents/robot_ws/install/camera_detection_interfaces/share/camera_detection_interfaces/cmake/camera_detection_interfaces__rosidl_typesupport_introspection_cppExport.cmake
[2.417s] -- Installing: /home/caleb/Documents/robot_ws/install/camera_detection_interfaces/share/camera_detection_interfaces/cmake/camera_detection_interfaces__rosidl_typesupport_introspection_cppExport-noconfig.cmake
[2.417s] -- Installing: /home/caleb/Documents/robot_ws/install/camera_detection_interfaces/share/camera_detection_interfaces/cmake/camera_detection_interfaces__rosidl_typesupport_cppExport.cmake
[2.417s] -- Installing: /home/caleb/Documents/robot_ws/install/camera_detection_interfaces/share/camera_detection_interfaces/cmake/camera_detection_interfaces__rosidl_typesupport_cppExport-noconfig.cmake
[2.417s] -- Installing: /home/caleb/Documents/robot_ws/install/camera_detection_interfaces/share/camera_detection_interfaces/cmake/export_camera_detection_interfaces__rosidl_generator_pyExport.cmake
[2.417s] -- Installing: /home/caleb/Documents/robot_ws/install/camera_detection_interfaces/share/camera_detection_interfaces/cmake/export_camera_detection_interfaces__rosidl_generator_pyExport-noconfig.cmake
[2.417s] -- Installing: /home/caleb/Documents/robot_ws/install/camera_detection_interfaces/share/camera_detection_interfaces/cmake/rosidl_cmake-extras.cmake
[2.417s] -- Installing: /home/caleb/Documents/robot_ws/install/camera_detection_interfaces/share/camera_detection_interfaces/cmake/ament_cmake_export_include_directories-extras.cmake
[2.417s] -- Installing: /home/caleb/Documents/robot_ws/install/camera_detection_interfaces/share/camera_detection_interfaces/cmake/ament_cmake_export_libraries-extras.cmake
[2.418s] -- Installing: /home/caleb/Documents/robot_ws/install/camera_detection_interfaces/share/camera_detection_interfaces/cmake/ament_cmake_export_targets-extras.cmake
[2.418s] -- Installing: /home/caleb/Documents/robot_ws/install/camera_detection_interfaces/share/camera_detection_interfaces/cmake/rosidl_cmake_export_typesupport_targets-extras.cmake
[2.418s] -- Installing: /home/caleb/Documents/robot_ws/install/camera_detection_interfaces/share/camera_detection_interfaces/cmake/ament_cmake_export_dependencies-extras.cmake
[2.418s] -- Installing: /home/caleb/Documents/robot_ws/install/camera_detection_interfaces/share/camera_detection_interfaces/cmake/rosidl_cmake_export_typesupport_libraries-extras.cmake
[2.418s] -- Installing: /home/caleb/Documents/robot_ws/install/camera_detection_interfaces/share/camera_detection_interfaces/cmake/camera_detection_interfacesConfig.cmake
[2.418s] -- Installing: /home/caleb/Documents/robot_ws/install/camera_detection_interfaces/share/camera_detection_interfaces/cmake/camera_detection_interfacesConfig-version.cmake
[2.418s] -- Installing: /home/caleb/Documents/robot_ws/install/camera_detection_interfaces/share/camera_detection_interfaces/package.xml
[2.421s] Invoked command in '/home/caleb/Documents/robot_ws/build/camera_detection_interfaces' returned '0': CMAKE_PREFIX_PATH=/home/caleb/Documents/robot_ws/install/robot_bridge:/home/caleb/Documents/robot_ws/install/camera_detection:/opt/ros/humble /usr/bin/cmake --install /home/caleb/Documents/robot_ws/build/camera_detection_interfaces
